Using pre-set license
Built from '2022.3/staging' branch; Version is '2022.3.49f1 (4dae1bb8668d) revision 5090843'; Using compiler version '192829333'; Build Type 'Release'
OS: 'Windows 11  (10.0.22631) 64bit Professional' Language: 'en' Physical Memory: 32507 MB
BatchMode: 1, IsHumanControllingUs: 0, StartBugReporterOnCrash: 0, Is64bit: 1, IsPro: 1

COMMAND LINE ARGUMENTS:
C:\Program Files\Unity\Hub\Editor\2022.3.49f1\Editor\Unity.exe
-adb2
-batchMode
-noUpm
-name
AssetImportWorker0
-projectPath
C:/Users/sumur/Desktop/An3/Asylum Escape/Asylum Escape
-logFile
Logs/AssetImportWorker0.log
-srvPort
64909
Successfully changed project path to: C:/Users/sumur/Desktop/An3/Asylum Escape/Asylum Escape
C:/Users/sumur/Desktop/An3/Asylum Escape/Asylum Escape
[UnityMemory] Configuration Parameters - Can be set up in boot.config
    "memorysetup-bucket-allocator-granularity=16"
    "memorysetup-bucket-allocator-bucket-count=8"
    "memorysetup-bucket-allocator-block-size=33554432"
    "memorysetup-bucket-allocator-block-count=8"
    "memorysetup-main-allocator-block-size=16777216"
    "memorysetup-thread-allocator-block-size=16777216"
    "memorysetup-gfx-main-allocator-block-size=16777216"
    "memorysetup-gfx-thread-allocator-block-size=16777216"
    "memorysetup-cache-allocator-block-size=4194304"
    "memorysetup-typetree-allocator-block-size=2097152"
    "memorysetup-profiler-bucket-allocator-granularity=16"
    "memorysetup-profiler-bucket-allocator-bucket-count=8"
    "memorysetup-profiler-bucket-allocator-block-size=33554432"
    "memorysetup-profiler-bucket-allocator-block-count=8"
    "memorysetup-profiler-allocator-block-size=16777216"
    "memorysetup-profiler-editor-allocator-block-size=1048576"
    "memorysetup-temp-allocator-size-main=16777216"
    "memorysetup-job-temp-allocator-block-size=2097152"
    "memorysetup-job-temp-allocator-block-size-background=1048576"
    "memorysetup-job-temp-allocator-reduction-small-platforms=262144"
    "memorysetup-allocator-temp-initial-block-size-main=262144"
    "memorysetup-allocator-temp-initial-block-size-worker=262144"
    "memorysetup-temp-allocator-size-background-worker=32768"
    "memorysetup-temp-allocator-size-job-worker=262144"
    "memorysetup-temp-allocator-size-preload-manager=33554432"
    "memorysetup-temp-allocator-size-nav-mesh-worker=65536"
    "memorysetup-temp-allocator-size-audio-worker=65536"
    "memorysetup-temp-allocator-size-cloud-worker=32768"
    "memorysetup-temp-allocator-size-gi-baking-worker=262144"
    "memorysetup-temp-allocator-size-gfx=262144"
Player connection [14236]  Target information:

Player connection [14236]  * "[IP] 192.168.100.26 [Port] 0 [Flags] 2 [Guid] 1394973455 [EditorId] 1394973455 [Version] 1048832 [Id] WindowsEditor(7,sumithesum) [Debug] 1 [PackageName] WindowsEditor [ProjectName] Editor" 

Player connection [14236] Host joined multi-casting on [225.0.0.222:54997]...
Player connection [14236] Host joined alternative multi-casting on [225.0.0.222:34997]...
[PhysX] Initialized MultithreadedTaskDispatcher with 20 workers.
Refreshing native plugins compatible for Editor in 7.72 ms, found 3 plugins.
Preloading 0 native plugins for Editor in 0.00 ms.
Initialize engine version: 2022.3.49f1 (4dae1bb8668d)
[Subsystems] Discovering subsystems at path C:/Program Files/Unity/Hub/Editor/2022.3.49f1/Editor/Data/Resources/UnitySubsystems
[Subsystems] Discovering subsystems at path C:/Users/sumur/Desktop/An3/Asylum Escape/Asylum Escape/Assets
GfxDevice: creating device client; threaded=0; jobified=0
Direct3D:
    Version:  Direct3D 11.0 [level 11.1]
    Renderer: NVIDIA GeForce RTX 4060 Laptop GPU (ID=0x28e0)
    Vendor:   NVIDIA
    VRAM:     7957 MB
    Driver:   32.0.15.6109
Initialize mono
Mono path[0] = 'C:/Program Files/Unity/Hub/Editor/2022.3.49f1/Editor/Data/Managed'
Mono path[1] = 'C:/Program Files/Unity/Hub/Editor/2022.3.49f1/Editor/Data/MonoBleedingEdge/lib/mono/unityjit-win32'
Mono config path = 'C:/Program Files/Unity/Hub/Editor/2022.3.49f1/Editor/Data/MonoBleedingEdge/etc'
Using monoOptions --debugger-agent=transport=dt_socket,embedding=1,server=y,suspend=n,address=127.0.0.1:56528
Begin MonoManager ReloadAssembly
Registering precompiled unity dll's ...
Register platform support module: C:/Program Files/Unity/Hub/Editor/2022.3.49f1/Editor/Data/PlaybackEngines/WebGLSupport/UnityEditor.WebGL.Extensions.dll
Register platform support module: C:/Program Files/Unity/Hub/Editor/2022.3.49f1/Editor/Data/PlaybackEngines/WindowsStandaloneSupport/UnityEditor.WindowsStandalone.Extensions.dll
Registered in 0.005639 seconds.
- Loaded All Assemblies, in  0.266 seconds
Native extension for WindowsStandalone target not found
Native extension for WebGL target not found
Mono: successfully reloaded assembly
- Finished resetting the current domain, in  0.211 seconds
Domain Reload Profiling: 476ms
	BeginReloadAssembly (81ms)
		ExecutionOrderSort (0ms)
		DisableScriptedObjects (0ms)
		BackupInstance (0ms)
		ReleaseScriptingObjects (0ms)
		CreateAndSetChildDomain (0ms)
	RebuildCommonClasses (25ms)
	RebuildNativeTypeToScriptingClass (7ms)
	initialDomainReloadingComplete (45ms)
	LoadAllAssembliesAndSetupDomain (107ms)
		LoadAssemblies (79ms)
		RebuildTransferFunctionScriptingTraits (0ms)
		AnalyzeDomain (105ms)
			TypeCache.Refresh (104ms)
				TypeCache.ScanAssembly (95ms)
			ScanForSourceGeneratedMonoScriptInfo (0ms)
			ResolveRequiredComponents (0ms)
	FinalizeReload (211ms)
		ReleaseScriptCaches (0ms)
		RebuildScriptCaches (0ms)
		SetupLoadedEditorAssemblies (174ms)
			LogAssemblyErrors (0ms)
			InitializePlatformSupportModulesInManaged (9ms)
			SetLoadedEditorAssemblies (4ms)
			RefreshPlugins (0ms)
			BeforeProcessingInitializeOnLoad (2ms)
			ProcessInitializeOnLoadAttributes (121ms)
			ProcessInitializeOnLoadMethodAttributes (38ms)
			AfterProcessingInitializeOnLoad (0ms)
			EditorAssembliesLoaded (0ms)
		ExecutionOrderSort2 (0ms)
		AwakeInstancesAfterBackupRestoration (0ms)
========================================================================
Worker process is ready to serve import requests
Caller must complete domain reload
Begin MonoManager ReloadAssembly
- Loaded All Assemblies, in  0.463 seconds
Native extension for WindowsStandalone target not found
Native extension for WebGL target not found
Package Manager log level set to [2]
[Package Manager] Server::EnsureServerProcessIsRunning -- launch failed, reason: Unity was launched with the -noUpm command-line argument
[Package Manager] UpmClient::Send -- Unable to send message (not connected to UPM process).
[Package Manager] Cannot connect to Unity Package Manager local server
Mono: successfully reloaded assembly
- Finished resetting the current domain, in  0.611 seconds
Domain Reload Profiling: 1073ms
	BeginReloadAssembly (110ms)
		ExecutionOrderSort (0ms)
		DisableScriptedObjects (4ms)
		BackupInstance (0ms)
		ReleaseScriptingObjects (0ms)
		CreateAndSetChildDomain (16ms)
	RebuildCommonClasses (24ms)
	RebuildNativeTypeToScriptingClass (8ms)
	initialDomainReloadingComplete (33ms)
	LoadAllAssembliesAndSetupDomain (287ms)
		LoadAssemblies (220ms)
		RebuildTransferFunctionScriptingTraits (0ms)
		AnalyzeDomain (130ms)
			TypeCache.Refresh (112ms)
				TypeCache.ScanAssembly (101ms)
			ScanForSourceGeneratedMonoScriptInfo (11ms)
			ResolveRequiredComponents (7ms)
	FinalizeReload (612ms)
		ReleaseScriptCaches (0ms)
		RebuildScriptCaches (0ms)
		SetupLoadedEditorAssemblies (508ms)
			LogAssemblyErrors (0ms)
			InitializePlatformSupportModulesInManaged (6ms)
			SetLoadedEditorAssemblies (2ms)
			RefreshPlugins (0ms)
			BeforeProcessingInitializeOnLoad (43ms)
			ProcessInitializeOnLoadAttributes (436ms)
			ProcessInitializeOnLoadMethodAttributes (16ms)
			AfterProcessingInitializeOnLoad (6ms)
			EditorAssembliesLoaded (0ms)
		ExecutionOrderSort2 (0ms)
		AwakeInstancesAfterBackupRestoration (6ms)
Launched and connected shader compiler UnityShaderCompiler.exe after 0.04 seconds
Refreshing native plugins compatible for Editor in 3.70 ms, found 3 plugins.
Preloading 0 native plugins for Editor in 0.00 ms.
Unloading 3092 Unused Serialized files (Serialized files now loaded: 0)
Unloading 19 unused Assets / (54.9 KB). Loaded Objects now: 3559.
Memory consumption went from 119.3 MB to 119.3 MB.
Total: 2.994100 ms (FindLiveObjects: 0.180900 ms CreateObjectMapping: 0.072600 ms MarkObjects: 2.643800 ms  DeleteObjects: 0.095800 ms)

AssetImportParameters requested are different than current active one (requested -> active):
  custom:container-demuxer-ogg: 62fdf1f143b41e24485cea50d1cbac27 -> 
  custom:video-codec-MediaFoundation-h265: 746d11721c4dcdbdad8f713fa42b33f4 -> 
  custom:video-decoder-ogg-theora: a1e56fd34408186e4bbccfd4996cb3dc -> 
  custom:framework-win-MediaFoundation: 216162199b28c13a410421893ffa2e32 -> 
  custom:CustomObjectIndexerAttribute: 9a22284fe3817be447336de3de66b15e -> 
  custom:container-demuxer-webm: 4f35f7cbe854078d1ac9338744f61a02 -> 
  custom:container-muxer-webm: aa71ff27fc2769a1b78a27578f13a17b -> 
  custom:video-decoder-webm-vp8: 9c59270c3fd7afecdb556c50c9e8de78 -> 
  custom:SearchIndexIgnoredProperties: e643bd26f0fe6173181afceb89e7c659 -> 
  custom:AudioImporter_EditorPlatform: d09bf68614088b80899f8185d706f6e7 -> 
  custom:video-encoder-webm-vp8: eb34c28f22e8b96e1ab97ce403110664 -> 
  custom:audio-decoder-ogg-vorbis: bf7c407c2cedff20999df2af8eb42d56 -> 
  custom:audio-encoder-webm-vorbis: bf7c407c2cedff20999df2af8eb42d56 -> 
========================================================================
Received Import Request.
  Time since last request: 261329.348811 seconds.
  path: Assets/Scenes/Test_DoORS.unity
  artifactKey: Guid(cd926f0cdc6a20c4296e4a9374d7e706) Importer(815301076,1909f56bfc062723c751e8b465ee728b)
Start importing Assets/Scenes/Test_DoORS.unity using Guid(cd926f0cdc6a20c4296e4a9374d7e706) Importer(815301076,1909f56bfc062723c751e8b465ee728b) [PhysX] Initialized MultithreadedTaskDispatcher with 20 workers.
 -> (artifact id: 'b7feaa1d8f8e8a7de222d7dfe5130a5a') in 0.002453 seconds
Number of updated asset objects reloaded before import = 0
Number of asset objects unloaded after import = 0
========================================================================
Received Import Request.
  Time since last request: 32.204636 seconds.
  path: Assets/Prefabs/Player.prefab
  artifactKey: Guid(fdf045280a65bc542a1c7751aa30ff29) Importer(815301076,1909f56bfc062723c751e8b465ee728b)
Start importing Assets/Prefabs/Player.prefab using Guid(fdf045280a65bc542a1c7751aa30ff29) Importer(815301076,1909f56bfc062723c751e8b465ee728b) [PhysX] Initialized MultithreadedTaskDispatcher with 20 workers.
[PhysX] Initialized MultithreadedTaskDispatcher with 20 workers.
 -> (artifact id: 'b940db4326b4f0e6206c3a61c7929a14') in 0.122167 seconds
Number of updated asset objects reloaded before import = 0
Number of asset objects unloaded after import = 25
========================================================================
Received Import Request.
  Time since last request: 89.697327 seconds.
  path: Assets/Prefabs
  artifactKey: Guid(2934743ec96fe2144ac83fdbcad738fa) Importer(815301076,1909f56bfc062723c751e8b465ee728b)
Start importing Assets/Prefabs using Guid(2934743ec96fe2144ac83fdbcad738fa) Importer(815301076,1909f56bfc062723c751e8b465ee728b) [PhysX] Initialized MultithreadedTaskDispatcher with 20 workers.
 -> (artifact id: '5584078e5c873ba4ddf1885690874484') in 0.000852 seconds
Number of updated asset objects reloaded before import = 0
Number of asset objects unloaded after import = 0
========================================================================
Received Import Request.
  Time since last request: 20.033106 seconds.
  path: Assets/Abandoned_Asylum/Show
  artifactKey: Guid(752a401efe31bc2478a5b2bdb8cdc076) Importer(815301076,1909f56bfc062723c751e8b465ee728b)
Start importing Assets/Abandoned_Asylum/Show using Guid(752a401efe31bc2478a5b2bdb8cdc076) Importer(815301076,1909f56bfc062723c751e8b465ee728b) [PhysX] Initialized MultithreadedTaskDispatcher with 20 workers.
 -> (artifact id: '8a3b476ffdbab45a5b00032d14e57858') in 0.000681 seconds
Number of updated asset objects reloaded before import = 0
Number of asset objects unloaded after import = 0
========================================================================
Received Import Request.
  Time since last request: 0.691689 seconds.
  path: Assets/Abandoned_Asylum/Show_Assets
  artifactKey: Guid(f13f4e7f5a7405b449595ad4ae8101e4) Importer(815301076,1909f56bfc062723c751e8b465ee728b)
Start importing Assets/Abandoned_Asylum/Show_Assets using Guid(f13f4e7f5a7405b449595ad4ae8101e4) Importer(815301076,1909f56bfc062723c751e8b465ee728b) [PhysX] Initialized MultithreadedTaskDispatcher with 20 workers.
 -> (artifact id: '9497954679c036cea709b8ee8b8e9c9e') in 0.000694 seconds
Number of updated asset objects reloaded before import = 0
Number of asset objects unloaded after import = 0
========================================================================
Received Import Request.
  Time since last request: 0.092929 seconds.
  path: Assets/Abandoned_Asylum/Show_Assets/LightingData.asset
  artifactKey: Guid(ce9a1f325053c024e97130ae5397ed45) Importer(815301076,1909f56bfc062723c751e8b465ee728b)
Start importing Assets/Abandoned_Asylum/Show_Assets/LightingData.asset using Guid(ce9a1f325053c024e97130ae5397ed45) Importer(815301076,1909f56bfc062723c751e8b465ee728b) [PhysX] Initialized MultithreadedTaskDispatcher with 20 workers.
 -> (artifact id: '54fe0d415a68878e8d36c0a9147fff4a') in 0.028079 seconds
Number of updated asset objects reloaded before import = 0
Number of asset objects unloaded after import = 1
========================================================================
Received Import Request.
  Time since last request: 0.000016 seconds.
  path: Assets/Abandoned_Asylum/Show_Assets/Lightmap-0_comp_light.exr
  artifactKey: Guid(07076912346a63b4cb6d2349506aa034) Importer(815301076,1909f56bfc062723c751e8b465ee728b)
Start importing Assets/Abandoned_Asylum/Show_Assets/Lightmap-0_comp_light.exr using Guid(07076912346a63b4cb6d2349506aa034) Importer(815301076,1909f56bfc062723c751e8b465ee728b) [PhysX] Initialized MultithreadedTaskDispatcher with 20 workers.
[PhysX] Initialized MultithreadedTaskDispatcher with 20 workers.
 -> (artifact id: 'b9b8d20e4954d17f69d2ec67f00bfeb8') in 0.039065 seconds
Number of updated asset objects reloaded before import = 0
Number of asset objects unloaded after import = 2
========================================================================
Received Import Request.
  Time since last request: 0.000032 seconds.
  path: Assets/Abandoned_Asylum/Show_Assets/Lightmap-2_comp_dir.png
  artifactKey: Guid(afa606e44405aa043a5aaaf340127665) Importer(815301076,1909f56bfc062723c751e8b465ee728b)
Start importing Assets/Abandoned_Asylum/Show_Assets/Lightmap-2_comp_dir.png using Guid(afa606e44405aa043a5aaaf340127665) Importer(815301076,1909f56bfc062723c751e8b465ee728b) [PhysX] Initialized MultithreadedTaskDispatcher with 20 workers.
[PhysX] Initialized MultithreadedTaskDispatcher with 20 workers.
 -> (artifact id: '09dfe5ef7c1dfb591450759da0f79cb5') in 0.019634 seconds
Number of updated asset objects reloaded before import = 0
Number of asset objects unloaded after import = 2
========================================================================
Received Import Request.
  Time since last request: 0.005304 seconds.
  path: Assets/Abandoned_Asylum/Show_Assets/Lightmap-0_comp_shadowmask.png
  artifactKey: Guid(feb674945b2e69f4cbf3f9da53c95645) Importer(815301076,1909f56bfc062723c751e8b465ee728b)
Start importing Assets/Abandoned_Asylum/Show_Assets/Lightmap-0_comp_shadowmask.png using Guid(feb674945b2e69f4cbf3f9da53c95645) Importer(815301076,1909f56bfc062723c751e8b465ee728b) [PhysX] Initialized MultithreadedTaskDispatcher with 20 workers.
[PhysX] Initialized MultithreadedTaskDispatcher with 20 workers.
 -> (artifact id: '09af251b5c82f3a8d3367a4b7985f993') in 0.024113 seconds
Number of updated asset objects reloaded before import = 0
Number of asset objects unloaded after import = 2
========================================================================
Received Import Request.
  Time since last request: 0.000177 seconds.
  path: Assets/Abandoned_Asylum/Show_Assets/Lightmap-3_comp_light.exr
  artifactKey: Guid(f31c98fb14f53734db13b6577e71fd37) Importer(815301076,1909f56bfc062723c751e8b465ee728b)
Start importing Assets/Abandoned_Asylum/Show_Assets/Lightmap-3_comp_light.exr using Guid(f31c98fb14f53734db13b6577e71fd37) Importer(815301076,1909f56bfc062723c751e8b465ee728b) [PhysX] Initialized MultithreadedTaskDispatcher with 20 workers.
[PhysX] Initialized MultithreadedTaskDispatcher with 20 workers.
 -> (artifact id: '6bd8eea7957d42a996ecf88fc6cacd1a') in 0.018843 seconds
Number of updated asset objects reloaded before import = 0
Number of asset objects unloaded after import = 2
========================================================================
Received Import Request.
  Time since last request: 0.000017 seconds.
  path: Assets/Abandoned_Asylum/Show_Assets/Lightmap-5_comp_shadowmask.png
  artifactKey: Guid(5043001cf01d20045b5fc647e325df55) Importer(815301076,1909f56bfc062723c751e8b465ee728b)
Start importing Assets/Abandoned_Asylum/Show_Assets/Lightmap-5_comp_shadowmask.png using Guid(5043001cf01d20045b5fc647e325df55) Importer(815301076,1909f56bfc062723c751e8b465ee728b) [PhysX] Initialized MultithreadedTaskDispatcher with 20 workers.
[PhysX] Initialized MultithreadedTaskDispatcher with 20 workers.
 -> (artifact id: 'f5829734b0aceb0e6fa89fcb56281bd4') in 0.019177 seconds
Number of updated asset objects reloaded before import = 0
Number of asset objects unloaded after import = 2
========================================================================
Received Import Request.
  Time since last request: 0.000088 seconds.
  path: Assets/Abandoned_Asylum/Show_Assets/Lightmap-6_comp_shadowmask.png
  artifactKey: Guid(cac3ef30303a1364a80ef33c7b6b0612) Importer(815301076,1909f56bfc062723c751e8b465ee728b)
Start importing Assets/Abandoned_Asylum/Show_Assets/Lightmap-6_comp_shadowmask.png using Guid(cac3ef30303a1364a80ef33c7b6b0612) Importer(815301076,1909f56bfc062723c751e8b465ee728b) [PhysX] Initialized MultithreadedTaskDispatcher with 20 workers.
[PhysX] Initialized MultithreadedTaskDispatcher with 20 workers.
 -> (artifact id: '9540eb7e2e7f990cae8983f1a4b0009d') in 0.021819 seconds
Number of updated asset objects reloaded before import = 0
Number of asset objects unloaded after import = 2
========================================================================
Received Import Request.
  Time since last request: 0.000034 seconds.
  path: Assets/Abandoned_Asylum/Show_Assets/ReflectionProbe-0.exr
  artifactKey: Guid(43876b1cc2694cb41891e00cd57e6cab) Importer(815301076,1909f56bfc062723c751e8b465ee728b)
Start importing Assets/Abandoned_Asylum/Show_Assets/ReflectionProbe-0.exr using Guid(43876b1cc2694cb41891e00cd57e6cab) Importer(815301076,1909f56bfc062723c751e8b465ee728b) [PhysX] Initialized MultithreadedTaskDispatcher with 20 workers.
[PhysX] Initialized MultithreadedTaskDispatcher with 20 workers.
[PhysX] Initialized MultithreadedTaskDispatcher with 20 workers.
 -> (artifact id: '64077d414cc26d7091289374e31fb9e0') in 0.058266 seconds
Number of updated asset objects reloaded before import = 0
Number of asset objects unloaded after import = 1
========================================================================
Received Import Request.
  Time since last request: 0.000025 seconds.
  path: Assets/Abandoned_Asylum/Show_Assets/Lightmap-7_comp_dir.png
  artifactKey: Guid(34e58497285f05c4c950a4749fd7dbfc) Importer(815301076,1909f56bfc062723c751e8b465ee728b)
Start importing Assets/Abandoned_Asylum/Show_Assets/Lightmap-7_comp_dir.png using Guid(34e58497285f05c4c950a4749fd7dbfc) Importer(815301076,1909f56bfc062723c751e8b465ee728b) [PhysX] Initialized MultithreadedTaskDispatcher with 20 workers.
[PhysX] Initialized MultithreadedTaskDispatcher with 20 workers.
 -> (artifact id: '25a86e5e8ff8e567ded97ebd02356920') in 0.018173 seconds
Number of updated asset objects reloaded before import = 0
Number of asset objects unloaded after import = 2
========================================================================
Received Import Request.
  Time since last request: 0.000026 seconds.
  path: Assets/Abandoned_Asylum/Show_Assets/Lightmap-6_comp_light.exr
  artifactKey: Guid(c5b9cefdf6bc3734e8a0a212aa4c59b3) Importer(815301076,1909f56bfc062723c751e8b465ee728b)
Start importing Assets/Abandoned_Asylum/Show_Assets/Lightmap-6_comp_light.exr using Guid(c5b9cefdf6bc3734e8a0a212aa4c59b3) Importer(815301076,1909f56bfc062723c751e8b465ee728b) [PhysX] Initialized MultithreadedTaskDispatcher with 20 workers.
[PhysX] Initialized MultithreadedTaskDispatcher with 20 workers.
 -> (artifact id: 'ab29420989426dd232c5b5d15d1d93e4') in 0.025246 seconds
Number of updated asset objects reloaded before import = 0
Number of asset objects unloaded after import = 2
========================================================================
Received Import Request.
  Time since last request: 0.000019 seconds.
  path: Assets/Abandoned_Asylum/Show_Assets/Lightmap-5_comp_dir.png
  artifactKey: Guid(13812a4b596333d4a895387031effbc7) Importer(815301076,1909f56bfc062723c751e8b465ee728b)
Start importing Assets/Abandoned_Asylum/Show_Assets/Lightmap-5_comp_dir.png using Guid(13812a4b596333d4a895387031effbc7) Importer(815301076,1909f56bfc062723c751e8b465ee728b) [PhysX] Initialized MultithreadedTaskDispatcher with 20 workers.
[PhysX] Initialized MultithreadedTaskDispatcher with 20 workers.
 -> (artifact id: '2d4cf822fb7d9f672fa0d19570c0221e') in 0.022323 seconds
Number of updated asset objects reloaded before import = 0
Number of asset objects unloaded after import = 2
========================================================================
Received Import Request.
  Time since last request: 0.000017 seconds.
  path: Assets/Abandoned_Asylum/Show_Assets/Lightmap-2_comp_light.exr
  artifactKey: Guid(784fd7b15a4eaed49b81f20ff7977421) Importer(815301076,1909f56bfc062723c751e8b465ee728b)
Start importing Assets/Abandoned_Asylum/Show_Assets/Lightmap-2_comp_light.exr using Guid(784fd7b15a4eaed49b81f20ff7977421) Importer(815301076,1909f56bfc062723c751e8b465ee728b) [PhysX] Initialized MultithreadedTaskDispatcher with 20 workers.
[PhysX] Initialized MultithreadedTaskDispatcher with 20 workers.
 -> (artifact id: '826df8a5abb1bf6dcb892e1808702bf6') in 0.020281 seconds
Number of updated asset objects reloaded before import = 0
Number of asset objects unloaded after import = 2
========================================================================
Received Import Request.
  Time since last request: 0.000170 seconds.
  path: Assets/Abandoned_Asylum/Show_Assets/Lightmap-1_comp_dir.png
  artifactKey: Guid(e89eb75a57b57074687699583d47cfca) Importer(815301076,1909f56bfc062723c751e8b465ee728b)
Start importing Assets/Abandoned_Asylum/Show_Assets/Lightmap-1_comp_dir.png using Guid(e89eb75a57b57074687699583d47cfca) Importer(815301076,1909f56bfc062723c751e8b465ee728b) [PhysX] Initialized MultithreadedTaskDispatcher with 20 workers.
[PhysX] Initialized MultithreadedTaskDispatcher with 20 workers.
 -> (artifact id: 'dca371d4a13d0212be372769c5c7f014') in 0.021917 seconds
Number of updated asset objects reloaded before import = 0
Number of asset objects unloaded after import = 2
========================================================================
Received Import Request.
  Time since last request: 0.000137 seconds.
  path: Assets/Abandoned_Asylum/Show_Assets/Lightmap-1_comp_light.exr
  artifactKey: Guid(144f0943740a65f4fa0abb3376896222) Importer(815301076,1909f56bfc062723c751e8b465ee728b)
Start importing Assets/Abandoned_Asylum/Show_Assets/Lightmap-1_comp_light.exr using Guid(144f0943740a65f4fa0abb3376896222) Importer(815301076,1909f56bfc062723c751e8b465ee728b) [PhysX] Initialized MultithreadedTaskDispatcher with 20 workers.
[PhysX] Initialized MultithreadedTaskDispatcher with 20 workers.
 -> (artifact id: '9e7e6e1b803d9d1ade968adc6588a9eb') in 0.024105 seconds
Number of updated asset objects reloaded before import = 0
Number of asset objects unloaded after import = 2
========================================================================
Received Import Request.
  Time since last request: 0.000015 seconds.
  path: Assets/Abandoned_Asylum/Show_Assets/Lightmap-7_comp_shadowmask.png
  artifactKey: Guid(1b08fd6bf5bbf774eb3f34a9a2ee382e) Importer(815301076,1909f56bfc062723c751e8b465ee728b)
Start importing Assets/Abandoned_Asylum/Show_Assets/Lightmap-7_comp_shadowmask.png using Guid(1b08fd6bf5bbf774eb3f34a9a2ee382e) Importer(815301076,1909f56bfc062723c751e8b465ee728b) [PhysX] Initialized MultithreadedTaskDispatcher with 20 workers.
[PhysX] Initialized MultithreadedTaskDispatcher with 20 workers.
 -> (artifact id: '87efee10dc81496a0d5b48972b7ac4d1') in 0.027658 seconds
Number of updated asset objects reloaded before import = 0
Number of asset objects unloaded after import = 2
========================================================================
Received Import Request.
  Time since last request: 0.000026 seconds.
  path: Assets/Abandoned_Asylum/Show_Assets/Lightmap-4_comp_shadowmask.png
  artifactKey: Guid(8f4417b4df5401f4099dba6e50c1d88c) Importer(815301076,1909f56bfc062723c751e8b465ee728b)
Start importing Assets/Abandoned_Asylum/Show_Assets/Lightmap-4_comp_shadowmask.png using Guid(8f4417b4df5401f4099dba6e50c1d88c) Importer(815301076,1909f56bfc062723c751e8b465ee728b) [PhysX] Initialized MultithreadedTaskDispatcher with 20 workers.
[PhysX] Initialized MultithreadedTaskDispatcher with 20 workers.
 -> (artifact id: 'b8b7cc368546a6bd00b7747141721e06') in 0.026317 seconds
Number of updated asset objects reloaded before import = 0
Number of asset objects unloaded after import = 2
========================================================================
Received Import Request.
  Time since last request: 2.624083 seconds.
  path: Assets/Abandoned_Asylum/Models/Asylum.fbx
  artifactKey: Guid(19cfcdce0b9453b45af782ede3ff985f) Importer(815301076,1909f56bfc062723c751e8b465ee728b)
Start importing Assets/Abandoned_Asylum/Models/Asylum.fbx using Guid(19cfcdce0b9453b45af782ede3ff985f) Importer(815301076,1909f56bfc062723c751e8b465ee728b) [PhysX] Initialized MultithreadedTaskDispatcher with 20 workers.
[PhysX] Initialized MultithreadedTaskDispatcher with 20 workers.
[PhysX] Initialized MultithreadedTaskDispatcher with 20 workers.
[PhysX] Initialized MultithreadedTaskDispatcher with 20 workers.
[PhysX] Initialized MultithreadedTaskDispatcher with 20 workers.
[PhysX] Initialized MultithreadedTaskDispatcher with 20 workers.
[PhysX] Initialized MultithreadedTaskDispatcher with 20 workers.
[PhysX] Initialized MultithreadedTaskDispatcher with 20 workers.
[PhysX] Initialized MultithreadedTaskDispatcher with 20 workers.
[PhysX] Initialized MultithreadedTaskDispatcher with 20 workers.
[PhysX] Initialized MultithreadedTaskDispatcher with 20 workers.
[PhysX] Initialized MultithreadedTaskDispatcher with 20 workers.
[PhysX] Initialized MultithreadedTaskDispatcher with 20 workers.
[PhysX] Initialized MultithreadedTaskDispatcher with 20 workers.
[PhysX] Initialized MultithreadedTaskDispatcher with 20 workers.
[PhysX] Initialized MultithreadedTaskDispatcher with 20 workers.
[PhysX] Initialized MultithreadedTaskDispatcher with 20 workers.
[PhysX] Initialized MultithreadedTaskDispatcher with 20 workers.
[PhysX] Initialized MultithreadedTaskDispatcher with 20 workers.
[PhysX] Initialized MultithreadedTaskDispatcher with 20 workers.
[PhysX] Initialized MultithreadedTaskDispatcher with 20 workers.
[PhysX] Initialized MultithreadedTaskDispatcher with 20 workers.
[PhysX] Initialized MultithreadedTaskDispatcher with 20 workers.
[PhysX] Initialized MultithreadedTaskDispatcher with 20 workers.
[PhysX] Initialized MultithreadedTaskDispatcher with 20 workers.
[PhysX] Initialized MultithreadedTaskDispatcher with 20 workers.
[PhysX] Initialized MultithreadedTaskDispatcher with 20 workers.
[PhysX] Initialized MultithreadedTaskDispatcher with 20 workers.
[PhysX] Initialized MultithreadedTaskDispatcher with 20 workers.
[PhysX] Initialized MultithreadedTaskDispatcher with 20 workers.
[PhysX] Initialized MultithreadedTaskDispatcher with 20 workers.
[PhysX] Initialized MultithreadedTaskDispatcher with 20 workers.
[PhysX] Initialized MultithreadedTaskDispatcher with 20 workers.
[PhysX] Initialized MultithreadedTaskDispatcher with 20 workers.
[PhysX] Initialized MultithreadedTaskDispatcher with 20 workers.
[PhysX] Initialized MultithreadedTaskDispatcher with 20 workers.
[PhysX] Initialized MultithreadedTaskDispatcher with 20 workers.
[PhysX] Initialized MultithreadedTaskDispatcher with 20 workers.
[PhysX] Initialized MultithreadedTaskDispatcher with 20 workers.
[PhysX] Initialized MultithreadedTaskDispatcher with 20 workers.
[PhysX] Initialized MultithreadedTaskDispatcher with 20 workers.
[PhysX] Initialized MultithreadedTaskDispatcher with 20 workers.
[PhysX] Initialized MultithreadedTaskDispatcher with 20 workers.
[PhysX] Initialized MultithreadedTaskDispatcher with 20 workers.
[PhysX] Initialized MultithreadedTaskDispatcher with 20 workers.
[PhysX] Initialized MultithreadedTaskDispatcher with 20 workers.
[PhysX] Initialized MultithreadedTaskDispatcher with 20 workers.
[PhysX] Initialized MultithreadedTaskDispatcher with 20 workers.
[PhysX] Initialized MultithreadedTaskDispatcher with 20 workers.
[PhysX] Initialized MultithreadedTaskDispatcher with 20 workers.
[PhysX] Initialized MultithreadedTaskDispatcher with 20 workers.
[PhysX] Initialized MultithreadedTaskDispatcher with 20 workers.
[PhysX] Initialized MultithreadedTaskDispatcher with 20 workers.
[PhysX] Initialized MultithreadedTaskDispatcher with 20 workers.
[PhysX] Initialized MultithreadedTaskDispatcher with 20 workers.
[PhysX] Initialized MultithreadedTaskDispatcher with 20 workers.
[PhysX] Initialized MultithreadedTaskDispatcher with 20 workers.
[PhysX] Initialized MultithreadedTaskDispatcher with 20 workers.
[PhysX] Initialized MultithreadedTaskDispatcher with 20 workers.
[PhysX] Initialized MultithreadedTaskDispatcher with 20 workers.
[PhysX] Initialized MultithreadedTaskDispatcher with 20 workers.
[PhysX] Initialized MultithreadedTaskDispatcher with 20 workers.
[PhysX] Initialized MultithreadedTaskDispatcher with 20 workers.
[PhysX] Initialized MultithreadedTaskDispatcher with 20 workers.
[PhysX] Initialized MultithreadedTaskDispatcher with 20 workers.
[PhysX] Initialized MultithreadedTaskDispatcher with 20 workers.
[PhysX] Initialized MultithreadedTaskDispatcher with 20 workers.
[PhysX] Initialized MultithreadedTaskDispatcher with 20 workers.
[PhysX] Initialized MultithreadedTaskDispatcher with 20 workers.
[PhysX] Initialized MultithreadedTaskDispatcher with 20 workers.
[PhysX] Initialized MultithreadedTaskDispatcher with 20 workers.
[PhysX] Initialized MultithreadedTaskDispatcher with 20 workers.
[PhysX] Initialized MultithreadedTaskDispatcher with 20 workers.
[PhysX] Initialized MultithreadedTaskDispatcher with 20 workers.
[PhysX] Initialized MultithreadedTaskDispatcher with 20 workers.
[PhysX] Initialized MultithreadedTaskDispatcher with 20 workers.
[PhysX] Initialized MultithreadedTaskDispatcher with 20 workers.
[PhysX] Initialized MultithreadedTaskDispatcher with 20 workers.
[PhysX] Initialized MultithreadedTaskDispatcher with 20 workers.
[PhysX] Initialized MultithreadedTaskDispatcher with 20 workers.
[PhysX] Initialized MultithreadedTaskDispatcher with 20 workers.
[PhysX] Initialized MultithreadedTaskDispatcher with 20 workers.
[PhysX] Initialized MultithreadedTaskDispatcher with 20 workers.
[PhysX] Initialized MultithreadedTaskDispatcher with 20 workers.
[PhysX] Initialized MultithreadedTaskDispatcher with 20 workers.
[PhysX] Initialized MultithreadedTaskDispatcher with 20 workers.
[PhysX] Initialized MultithreadedTaskDispatcher with 20 workers.
[PhysX] Initialized MultithreadedTaskDispatcher with 20 workers.
[PhysX] Initialized MultithreadedTaskDispatcher with 20 workers.
[PhysX] Initialized MultithreadedTaskDispatcher with 20 workers.
[PhysX] Initialized MultithreadedTaskDispatcher with 20 workers.
[PhysX] Initialized MultithreadedTaskDispatcher with 20 workers.
[PhysX] Initialized MultithreadedTaskDispatcher with 20 workers.
[PhysX] Initialized MultithreadedTaskDispatcher with 20 workers.
[PhysX] Initialized MultithreadedTaskDispatcher with 20 workers.
[PhysX] Initialized MultithreadedTaskDispatcher with 20 workers.
[PhysX] Initialized MultithreadedTaskDispatcher with 20 workers.
[PhysX] Initialized MultithreadedTaskDispatcher with 20 workers.
[PhysX] Initialized MultithreadedTaskDispatcher with 20 workers.
[PhysX] Initialized MultithreadedTaskDispatcher with 20 workers.
[PhysX] Initialized MultithreadedTaskDispatcher with 20 workers.
[PhysX] Initialized MultithreadedTaskDispatcher with 20 workers.
[PhysX] Initialized MultithreadedTaskDispatcher with 20 workers.
[PhysX] Initialized MultithreadedTaskDispatcher with 20 workers.
[PhysX] Initialized MultithreadedTaskDispatcher with 20 workers.
[PhysX] Initialized MultithreadedTaskDispatcher with 20 workers.
[PhysX] Initialized MultithreadedTaskDispatcher with 20 workers.
[PhysX] Initialized MultithreadedTaskDispatcher with 20 workers.
[PhysX] Initialized MultithreadedTaskDispatcher with 20 workers.
[PhysX] Initialized MultithreadedTaskDispatcher with 20 workers.
[PhysX] Initialized MultithreadedTaskDispatcher with 20 workers.
[PhysX] Initialized MultithreadedTaskDispatcher with 20 workers.
[PhysX] Initialized MultithreadedTaskDispatcher with 20 workers.
[PhysX] Initialized MultithreadedTaskDispatcher with 20 workers.
[PhysX] Initialized MultithreadedTaskDispatcher with 20 workers.
[PhysX] Initialized MultithreadedTaskDispatcher with 20 workers.
[PhysX] Initialized MultithreadedTaskDispatcher with 20 workers.
[PhysX] Initialized MultithreadedTaskDispatcher with 20 workers.
[PhysX] Initialized MultithreadedTaskDispatcher with 20 workers.
[PhysX] Initialized MultithreadedTaskDispatcher with 20 workers.
[PhysX] Initialized MultithreadedTaskDispatcher with 20 workers.
[PhysX] Initialized MultithreadedTaskDispatcher with 20 workers.
[PhysX] Initialized MultithreadedTaskDispatcher with 20 workers.
[PhysX] Initialized MultithreadedTaskDispatcher with 20 workers.
[PhysX] Initialized MultithreadedTaskDispatcher with 20 workers.
[PhysX] Initialized MultithreadedTaskDispatcher with 20 workers.
[PhysX] Initialized MultithreadedTaskDispatcher with 20 workers.
[PhysX] Initialized MultithreadedTaskDispatcher with 20 workers.
[PhysX] Initialized MultithreadedTaskDispatcher with 20 workers.
[PhysX] Initialized MultithreadedTaskDispatcher with 20 workers.
[PhysX] Initialized MultithreadedTaskDispatcher with 20 workers.
[PhysX] Initialized MultithreadedTaskDispatcher with 20 workers.
[PhysX] Initialized MultithreadedTaskDispatcher with 20 workers.
[PhysX] Initialized MultithreadedTaskDispatcher with 20 workers.
[PhysX] Initialized MultithreadedTaskDispatcher with 20 workers.
[PhysX] Initialized MultithreadedTaskDispatcher with 20 workers.
[PhysX] Initialized MultithreadedTaskDispatcher with 20 workers.
[PhysX] Initialized MultithreadedTaskDispatcher with 20 workers.
[PhysX] Initialized MultithreadedTaskDispatcher with 20 workers.
[PhysX] Initialized MultithreadedTaskDispatcher with 20 workers.
[PhysX] Initialized MultithreadedTaskDispatcher with 20 workers.
[PhysX] Initialized MultithreadedTaskDispatcher with 20 workers.
[PhysX] Initialized MultithreadedTaskDispatcher with 20 workers.
[PhysX] Initialized MultithreadedTaskDispatcher with 20 workers.
[PhysX] Initialized MultithreadedTaskDispatcher with 20 workers.
[PhysX] Initialized MultithreadedTaskDispatcher with 20 workers.
[PhysX] Initialized MultithreadedTaskDispatcher with 20 workers.
[PhysX] Initialized MultithreadedTaskDispatcher with 20 workers.
[PhysX] Initialized MultithreadedTaskDispatcher with 20 workers.
[PhysX] Initialized MultithreadedTaskDispatcher with 20 workers.
[PhysX] Initialized MultithreadedTaskDispatcher with 20 workers.
[PhysX] Initialized MultithreadedTaskDispatcher with 20 workers.
[PhysX] Initialized MultithreadedTaskDispatcher with 20 workers.
[PhysX] Initialized MultithreadedTaskDispatcher with 20 workers.
[PhysX] Initialized MultithreadedTaskDispatcher with 20 workers.
[PhysX] Initialized MultithreadedTaskDispatcher with 20 workers.
[PhysX] Initialized MultithreadedTaskDispatcher with 20 workers.
[PhysX] Initialized MultithreadedTaskDispatcher with 20 workers.
[PhysX] Initialized MultithreadedTaskDispatcher with 20 workers.
[PhysX] Initialized MultithreadedTaskDispatcher with 20 workers.
[PhysX] Initialized MultithreadedTaskDispatcher with 20 workers.
[PhysX] Initialized MultithreadedTaskDispatcher with 20 workers.
[PhysX] Initialized MultithreadedTaskDispatcher with 20 workers.
[PhysX] Initialized MultithreadedTaskDispatcher with 20 workers.
[PhysX] Initialized MultithreadedTaskDispatcher with 20 workers.
[PhysX] Initialized MultithreadedTaskDispatcher with 20 workers.
[PhysX] Initialized MultithreadedTaskDispatcher with 20 workers.
[PhysX] Initialized MultithreadedTaskDispatcher with 20 workers.
[PhysX] Initialized MultithreadedTaskDispatcher with 20 workers.
[PhysX] Initialized MultithreadedTaskDispatcher with 20 workers.
[PhysX] Initialized MultithreadedTaskDispatcher with 20 workers.
[PhysX] Initialized MultithreadedTaskDispatcher with 20 workers.
[PhysX] Initialized MultithreadedTaskDispatcher with 20 workers.
[PhysX] Initialized MultithreadedTaskDispatcher with 20 workers.
[PhysX] Initialized MultithreadedTaskDispatcher with 20 workers.
[PhysX] Initialized MultithreadedTaskDispatcher with 20 workers.
[PhysX] Initialized MultithreadedTaskDispatcher with 20 workers.
[PhysX] Initialized MultithreadedTaskDispatcher with 20 workers.
[PhysX] Initialized MultithreadedTaskDispatcher with 20 workers.
[PhysX] Initialized MultithreadedTaskDispatcher with 20 workers.
[PhysX] Initialized MultithreadedTaskDispatcher with 20 workers.
[PhysX] Initialized MultithreadedTaskDispatcher with 20 workers.
[PhysX] Initialized MultithreadedTaskDispatcher with 20 workers.
[PhysX] Initialized MultithreadedTaskDispatcher with 20 workers.
[PhysX] Initialized MultithreadedTaskDispatcher with 20 workers.
[PhysX] Initialized MultithreadedTaskDispatcher with 20 workers.
[PhysX] Initialized MultithreadedTaskDispatcher with 20 workers.
[PhysX] Initialized MultithreadedTaskDispatcher with 20 workers.
[PhysX] Initialized MultithreadedTaskDispatcher with 20 workers.
[PhysX] Initialized MultithreadedTaskDispatcher with 20 workers.
[PhysX] Initialized MultithreadedTaskDispatcher with 20 workers.
[PhysX] Initialized MultithreadedTaskDispatcher with 20 workers.
[PhysX] Initialized MultithreadedTaskDispatcher with 20 workers.
[PhysX] Initialized MultithreadedTaskDispatcher with 20 workers.
[PhysX] Initialized MultithreadedTaskDispatcher with 20 workers.
[PhysX] Initialized MultithreadedTaskDispatcher with 20 workers.
[PhysX] Initialized MultithreadedTaskDispatcher with 20 workers.
[PhysX] Initialized MultithreadedTaskDispatcher with 20 workers.
[PhysX] Initialized MultithreadedTaskDispatcher with 20 workers.
[PhysX] Initialized MultithreadedTaskDispatcher with 20 workers.
[PhysX] Initialized MultithreadedTaskDispatcher with 20 workers.
[PhysX] Initialized MultithreadedTaskDispatcher with 20 workers.
[PhysX] Initialized MultithreadedTaskDispatcher with 20 workers.
[PhysX] Initialized MultithreadedTaskDispatcher with 20 workers.
[PhysX] Initialized MultithreadedTaskDispatcher with 20 workers.
[PhysX] Initialized MultithreadedTaskDispatcher with 20 workers.
[PhysX] Initialized MultithreadedTaskDispatcher with 20 workers.
[PhysX] Initialized MultithreadedTaskDispatcher with 20 workers.
[PhysX] Initialized MultithreadedTaskDispatcher with 20 workers.
[PhysX] Initialized MultithreadedTaskDispatcher with 20 workers.
[PhysX] Initialized MultithreadedTaskDispatcher with 20 workers.
[PhysX] Initialized MultithreadedTaskDispatcher with 20 workers.
[PhysX] Initialized MultithreadedTaskDispatcher with 20 workers.
[PhysX] Initialized MultithreadedTaskDispatcher with 20 workers.
[PhysX] Initialized MultithreadedTaskDispatcher with 20 workers.
[PhysX] Initialized MultithreadedTaskDispatcher with 20 workers.
[PhysX] Initialized MultithreadedTaskDispatcher with 20 workers.
[PhysX] Initialized MultithreadedTaskDispatcher with 20 workers.
[PhysX] Initialized MultithreadedTaskDispatcher with 20 workers.
[PhysX] Initialized MultithreadedTaskDispatcher with 20 workers.
[PhysX] Initialized MultithreadedTaskDispatcher with 20 workers.
[PhysX] Initialized MultithreadedTaskDispatcher with 20 workers.
[PhysX] Initialized MultithreadedTaskDispatcher with 20 workers.
[PhysX] Initialized MultithreadedTaskDispatcher with 20 workers.
[PhysX] Initialized MultithreadedTaskDispatcher with 20 workers.
[PhysX] Initialized MultithreadedTaskDispatcher with 20 workers.
[PhysX] Initialized MultithreadedTaskDispatcher with 20 workers.
[PhysX] Initialized MultithreadedTaskDispatcher with 20 workers.
[PhysX] Initialized MultithreadedTaskDispatcher with 20 workers.
[PhysX] Initialized MultithreadedTaskDispatcher with 20 workers.
 -> (artifact id: 'b2f96f83d69a6d414acfb093b789d60d') in 0.708686 seconds
Number of updated asset objects reloaded before import = 0
Number of asset objects unloaded after import = 688
========================================================================
Received Import Request.
  Time since last request: 0.000016 seconds.
  path: Assets/Abandoned_Asylum/Materials/Door_Frame_V3.mat
  artifactKey: Guid(375f45b4e0719184fb0f6ce4d71a50e2) Importer(815301076,1909f56bfc062723c751e8b465ee728b)
Start importing Assets/Abandoned_Asylum/Materials/Door_Frame_V3.mat using Guid(375f45b4e0719184fb0f6ce4d71a50e2) Importer(815301076,1909f56bfc062723c751e8b465ee728b) [PhysX] Initialized MultithreadedTaskDispatcher with 20 workers.
[PhysX] Initialized MultithreadedTaskDispatcher with 20 workers.
 -> (artifact id: 'a5758c17b683614b7334d60a3caceb99') in 0.082036 seconds
Number of updated asset objects reloaded before import = 0
Number of asset objects unloaded after import = 4
========================================================================
Received Import Request.
  Time since last request: 0.000038 seconds.
  path: Assets/Abandoned_Asylum/Materials/Elevator.mat
  artifactKey: Guid(9916e1b331316794aaa5557129eead7c) Importer(815301076,1909f56bfc062723c751e8b465ee728b)
Start importing Assets/Abandoned_Asylum/Materials/Elevator.mat using Guid(9916e1b331316794aaa5557129eead7c) Importer(815301076,1909f56bfc062723c751e8b465ee728b) [PhysX] Initialized MultithreadedTaskDispatcher with 20 workers.
[PhysX] Initialized MultithreadedTaskDispatcher with 20 workers.
 -> (artifact id: 'b74af34bda8a8930dbfea68517ec9287') in 0.057881 seconds
Number of updated asset objects reloaded before import = 0
Number of asset objects unloaded after import = 4
========================================================================
Received Import Request.
  Time since last request: 0.000061 seconds.
  path: Assets/Abandoned_Asylum/Materials/Kettle.mat
  artifactKey: Guid(f3eab6881a70ee042910444d2a4439dc) Importer(815301076,1909f56bfc062723c751e8b465ee728b)
Start importing Assets/Abandoned_Asylum/Materials/Kettle.mat using Guid(f3eab6881a70ee042910444d2a4439dc) Importer(815301076,1909f56bfc062723c751e8b465ee728b) [PhysX] Initialized MultithreadedTaskDispatcher with 20 workers.
[PhysX] Initialized MultithreadedTaskDispatcher with 20 workers.
 -> (artifact id: 'e2e97a02b35b76f83067941e52fca258') in 0.046467 seconds
Number of updated asset objects reloaded before import = 0
Number of asset objects unloaded after import = 4
========================================================================
Received Import Request.
  Time since last request: 0.000022 seconds.
  path: Assets/Abandoned_Asylum/Models/DiningRoom_EnterFrame.fbx
  artifactKey: Guid(eb52226ee3d3ba343b0725a06ae4d9e1) Importer(815301076,1909f56bfc062723c751e8b465ee728b)
Start importing Assets/Abandoned_Asylum/Models/DiningRoom_EnterFrame.fbx using Guid(eb52226ee3d3ba343b0725a06ae4d9e1) Importer(815301076,1909f56bfc062723c751e8b465ee728b) [PhysX] Initialized MultithreadedTaskDispatcher with 20 workers.
[PhysX] Initialized MultithreadedTaskDispatcher with 20 workers.
[PhysX] Initialized MultithreadedTaskDispatcher with 20 workers.
[PhysX] Initialized MultithreadedTaskDispatcher with 20 workers.
[PhysX] Initialized MultithreadedTaskDispatcher with 20 workers.
[PhysX] Initialized MultithreadedTaskDispatcher with 20 workers.
 -> (artifact id: '2e6f4bd8006822e50420ad955ba82b16') in 0.078585 seconds
Number of updated asset objects reloaded before import = 0
Number of asset objects unloaded after import = 24
========================================================================
Received Import Request.
  Time since last request: 0.000016 seconds.
  path: Assets/Abandoned_Asylum/Models/Lamp.fbx
  artifactKey: Guid(8f669107475f4b54aa7746fe1e7f00c2) Importer(815301076,1909f56bfc062723c751e8b465ee728b)
Start importing Assets/Abandoned_Asylum/Models/Lamp.fbx using Guid(8f669107475f4b54aa7746fe1e7f00c2) Importer(815301076,1909f56bfc062723c751e8b465ee728b) [PhysX] Initialized MultithreadedTaskDispatcher with 20 workers.
[PhysX] Initialized MultithreadedTaskDispatcher with 20 workers.
[PhysX] Initialized MultithreadedTaskDispatcher with 20 workers.
 -> (artifact id: '6bd612130673af7e7106c02db8c30b84') in 0.057626 seconds
Number of updated asset objects reloaded before import = 0
Number of asset objects unloaded after import = 13
========================================================================
Received Import Request.
  Time since last request: 0.000019 seconds.
  path: Assets/Abandoned_Asylum/Materials/Decals.mat
  artifactKey: Guid(faeaee878fe7707438601b11194c09a0) Importer(815301076,1909f56bfc062723c751e8b465ee728b)
Start importing Assets/Abandoned_Asylum/Materials/Decals.mat using Guid(faeaee878fe7707438601b11194c09a0) Importer(815301076,1909f56bfc062723c751e8b465ee728b) [PhysX] Initialized MultithreadedTaskDispatcher with 20 workers.
[PhysX] Initialized MultithreadedTaskDispatcher with 20 workers.
 -> (artifact id: '0bc4a5937be728ad05fc95380c7a1cd4') in 0.031918 seconds
Number of updated asset objects reloaded before import = 0
Number of asset objects unloaded after import = 2
========================================================================
Received Import Request.
  Time since last request: 0.000028 seconds.
  path: Assets/Abandoned_Asylum/Models/Carpet.fbx
  artifactKey: Guid(cafbcd9292bb99a4fbac4e5592e69a0c) Importer(815301076,1909f56bfc062723c751e8b465ee728b)
Start importing Assets/Abandoned_Asylum/Models/Carpet.fbx using Guid(cafbcd9292bb99a4fbac4e5592e69a0c) Importer(815301076,1909f56bfc062723c751e8b465ee728b) [PhysX] Initialized MultithreadedTaskDispatcher with 20 workers.
[PhysX] Initialized MultithreadedTaskDispatcher with 20 workers.
[PhysX] Initialized MultithreadedTaskDispatcher with 20 workers.
 -> (artifact id: '6b73155f1da9108c348c9f6678e05a56') in 0.048585 seconds
Number of updated asset objects reloaded before import = 0
Number of asset objects unloaded after import = 12
========================================================================
Received Import Request.
  Time since last request: 0.000015 seconds.
  path: Assets/Abandoned_Asylum/Models/Map1stFloor.fbx
  artifactKey: Guid(7de19b92a4602fa4d90d72c20e8cf6ae) Importer(815301076,1909f56bfc062723c751e8b465ee728b)
Start importing Assets/Abandoned_Asylum/Models/Map1stFloor.fbx using Guid(7de19b92a4602fa4d90d72c20e8cf6ae) Importer(815301076,1909f56bfc062723c751e8b465ee728b) [PhysX] Initialized MultithreadedTaskDispatcher with 20 workers.
[PhysX] Initialized MultithreadedTaskDispatcher with 20 workers.
[PhysX] Initialized MultithreadedTaskDispatcher with 20 workers.
[PhysX] Initialized MultithreadedTaskDispatcher with 20 workers.
[PhysX] Initialized MultithreadedTaskDispatcher with 20 workers.
[PhysX] Initialized MultithreadedTaskDispatcher with 20 workers.
 -> (artifact id: '2ab72e7d28f3d1a1e405df8cc8c2be0a') in 0.084886 seconds
Number of updated asset objects reloaded before import = 0
Number of asset objects unloaded after import = 24
========================================================================
Received Import Request.
  Time since last request: 0.000015 seconds.
  path: Assets/Abandoned_Asylum/Models/GateHouse_Window.fbx
  artifactKey: Guid(d96807ee113a13e4d9aaa78abf3f963e) Importer(815301076,1909f56bfc062723c751e8b465ee728b)
Start importing Assets/Abandoned_Asylum/Models/GateHouse_Window.fbx using Guid(d96807ee113a13e4d9aaa78abf3f963e) Importer(815301076,1909f56bfc062723c751e8b465ee728b) [PhysX] Initialized MultithreadedTaskDispatcher with 20 workers.
[PhysX] Initialized MultithreadedTaskDispatcher with 20 workers.
[PhysX] Initialized MultithreadedTaskDispatcher with 20 workers.
[PhysX] Initialized MultithreadedTaskDispatcher with 20 workers.
[PhysX] Initialized MultithreadedTaskDispatcher with 20 workers.
[PhysX] Initialized MultithreadedTaskDispatcher with 20 workers.
 -> (artifact id: '48ca0eb4e3a2a99699b7032e116513e0') in 0.081725 seconds
Number of updated asset objects reloaded before import = 0
Number of asset objects unloaded after import = 24
========================================================================
Received Import Request.
  Time since last request: 0.000022 seconds.
  path: Assets/Abandoned_Asylum/Materials/Carpet.mat
  artifactKey: Guid(1f564cfb93fe3b24999e08c1c480d4e7) Importer(815301076,1909f56bfc062723c751e8b465ee728b)
Start importing Assets/Abandoned_Asylum/Materials/Carpet.mat using Guid(1f564cfb93fe3b24999e08c1c480d4e7) Importer(815301076,1909f56bfc062723c751e8b465ee728b) [PhysX] Initialized MultithreadedTaskDispatcher with 20 workers.
[PhysX] Initialized MultithreadedTaskDispatcher with 20 workers.
 -> (artifact id: '03fc5d9645d42a2e4b25ecd966e9c01d') in 0.049306 seconds
Number of updated asset objects reloaded before import = 0
Number of asset objects unloaded after import = 4
========================================================================
Received Import Request.
  Time since last request: 0.000091 seconds.
  path: Assets/Abandoned_Asylum/Materials/Antlers_2.mat
  artifactKey: Guid(00da1fbfb51bc0944bf70876e2b8031b) Importer(815301076,1909f56bfc062723c751e8b465ee728b)
Start importing Assets/Abandoned_Asylum/Materials/Antlers_2.mat using Guid(00da1fbfb51bc0944bf70876e2b8031b) Importer(815301076,1909f56bfc062723c751e8b465ee728b) [PhysX] Initialized MultithreadedTaskDispatcher with 20 workers.
[PhysX] Initialized MultithreadedTaskDispatcher with 20 workers.
 -> (artifact id: '7072ff9c123bbc3f2e118067de4f7d08') in 0.030747 seconds
Number of updated asset objects reloaded before import = 0
Number of asset objects unloaded after import = 4
========================================================================
Received Import Request.
  Time since last request: 0.000023 seconds.
  path: Assets/Abandoned_Asylum/Materials/BigShelf.mat
  artifactKey: Guid(cea322a477d35094e86b3242e3bbd2c9) Importer(815301076,1909f56bfc062723c751e8b465ee728b)
Start importing Assets/Abandoned_Asylum/Materials/BigShelf.mat using Guid(cea322a477d35094e86b3242e3bbd2c9) Importer(815301076,1909f56bfc062723c751e8b465ee728b) [PhysX] Initialized MultithreadedTaskDispatcher with 20 workers.
[PhysX] Initialized MultithreadedTaskDispatcher with 20 workers.
 -> (artifact id: '4369941272ac3d6da78a6c8b60ebeece') in 0.053740 seconds
Number of updated asset objects reloaded before import = 0
Number of asset objects unloaded after import = 4
========================================================================
Received Import Request.
  Time since last request: 0.000025 seconds.
  path: Assets/Abandoned_Asylum/Materials/DoorD_Door.mat
  artifactKey: Guid(8f76f2ad7cfaf6644b36ecbb9597d7f3) Importer(815301076,1909f56bfc062723c751e8b465ee728b)
Start importing Assets/Abandoned_Asylum/Materials/DoorD_Door.mat using Guid(8f76f2ad7cfaf6644b36ecbb9597d7f3) Importer(815301076,1909f56bfc062723c751e8b465ee728b) [PhysX] Initialized MultithreadedTaskDispatcher with 20 workers.
[PhysX] Initialized MultithreadedTaskDispatcher with 20 workers.
 -> (artifact id: 'fc0d12454c1f7bfde08887dba2ccc7d6') in 0.048038 seconds
Number of updated asset objects reloaded before import = 0
Number of asset objects unloaded after import = 4
========================================================================
Received Import Request.
  Time since last request: 0.000023 seconds.
  path: Assets/Abandoned_Asylum/Materials/Cupboard_Door.mat
  artifactKey: Guid(a5a0ed70d9df3dd4b9c04e54d371f131) Importer(815301076,1909f56bfc062723c751e8b465ee728b)
Start importing Assets/Abandoned_Asylum/Materials/Cupboard_Door.mat using Guid(a5a0ed70d9df3dd4b9c04e54d371f131) Importer(815301076,1909f56bfc062723c751e8b465ee728b) [PhysX] Initialized MultithreadedTaskDispatcher with 20 workers.
[PhysX] Initialized MultithreadedTaskDispatcher with 20 workers.
 -> (artifact id: '0aa4d540845d07bfc6b6433b11e363d5') in 0.040172 seconds
Number of updated asset objects reloaded before import = 0
Number of asset objects unloaded after import = 4
========================================================================
Received Import Request.
  Time since last request: 0.000017 seconds.
  path: Assets/Abandoned_Asylum/Models/BedFeather.fbx
  artifactKey: Guid(c34614dcc7cd0b74aa8ac86d76187347) Importer(815301076,1909f56bfc062723c751e8b465ee728b)
Start importing Assets/Abandoned_Asylum/Models/BedFeather.fbx using Guid(c34614dcc7cd0b74aa8ac86d76187347) Importer(815301076,1909f56bfc062723c751e8b465ee728b) [PhysX] Initialized MultithreadedTaskDispatcher with 20 workers.
[PhysX] Initialized MultithreadedTaskDispatcher with 20 workers.
[PhysX] Initialized MultithreadedTaskDispatcher with 20 workers.
 -> (artifact id: 'fe460d41ce855bf13fe6ca429c3a930c') in 0.027780 seconds
Number of updated asset objects reloaded before import = 0
Number of asset objects unloaded after import = 12
========================================================================
Received Import Request.
  Time since last request: 0.000017 seconds.
  path: Assets/Abandoned_Asylum/Models/Cupboard.fbx
  artifactKey: Guid(ae1057f934c75a249ae1a6462f310568) Importer(815301076,1909f56bfc062723c751e8b465ee728b)
Start importing Assets/Abandoned_Asylum/Models/Cupboard.fbx using Guid(ae1057f934c75a249ae1a6462f310568) Importer(815301076,1909f56bfc062723c751e8b465ee728b) [PhysX] Initialized MultithreadedTaskDispatcher with 20 workers.
[PhysX] Initialized MultithreadedTaskDispatcher with 20 workers.
[PhysX] Initialized MultithreadedTaskDispatcher with 20 workers.
[PhysX] Initialized MultithreadedTaskDispatcher with 20 workers.
[PhysX] Initialized MultithreadedTaskDispatcher with 20 workers.
[PhysX] Initialized MultithreadedTaskDispatcher with 20 workers.
[PhysX] Initialized MultithreadedTaskDispatcher with 20 workers.
[PhysX] Initialized MultithreadedTaskDispatcher with 20 workers.
[PhysX] Initialized MultithreadedTaskDispatcher with 20 workers.
[PhysX] Initialized MultithreadedTaskDispatcher with 20 workers.
[PhysX] Initialized MultithreadedTaskDispatcher with 20 workers.
[PhysX] Initialized MultithreadedTaskDispatcher with 20 workers.
 -> (artifact id: '4836e231dd6322b3e8977d8f3668fc1d') in 0.093454 seconds
Number of updated asset objects reloaded before import = 0
Number of asset objects unloaded after import = 42
========================================================================
Received Import Request.
  Time since last request: 10.122719 seconds.
  path: Assets/Abandoned_Asylum/Models/Pillow.fbx
  artifactKey: Guid(4b97ed26bdc498444becc4ce7bc69eaf) Importer(815301076,1909f56bfc062723c751e8b465ee728b)
Start importing Assets/Abandoned_Asylum/Models/Pillow.fbx using Guid(4b97ed26bdc498444becc4ce7bc69eaf) Importer(815301076,1909f56bfc062723c751e8b465ee728b) [PhysX] Initialized MultithreadedTaskDispatcher with 20 workers.
[PhysX] Initialized MultithreadedTaskDispatcher with 20 workers.
[PhysX] Initialized MultithreadedTaskDispatcher with 20 workers.
 -> (artifact id: '63b817a48d2c06cf24410eaf4d8a38bb') in 0.037250 seconds
Number of updated asset objects reloaded before import = 0
Number of asset objects unloaded after import = 12
========================================================================
Received Import Request.
  Time since last request: 0.000018 seconds.
  path: Assets/Abandoned_Asylum/Models/SmallMetalicCase.fbx
  artifactKey: Guid(57dda4a4650bc9c4fb20a93184dcad3d) Importer(815301076,1909f56bfc062723c751e8b465ee728b)
Start importing Assets/Abandoned_Asylum/Models/SmallMetalicCase.fbx using Guid(57dda4a4650bc9c4fb20a93184dcad3d) Importer(815301076,1909f56bfc062723c751e8b465ee728b) [PhysX] Initialized MultithreadedTaskDispatcher with 20 workers.
[PhysX] Initialized MultithreadedTaskDispatcher with 20 workers.
[PhysX] Initialized MultithreadedTaskDispatcher with 20 workers.
 -> (artifact id: 'f5d8b13caa8b88145031e1c6d74a9d99') in 0.058099 seconds
Number of updated asset objects reloaded before import = 0
Number of asset objects unloaded after import = 12
========================================================================
Received Import Request.
  Time since last request: 0.000026 seconds.
  path: Assets/Abandoned_Asylum/Models/TableKitchen.fbx
  artifactKey: Guid(c99db9d59ade03c4a9209d94e90984ce) Importer(815301076,1909f56bfc062723c751e8b465ee728b)
Start importing Assets/Abandoned_Asylum/Models/TableKitchen.fbx using Guid(c99db9d59ade03c4a9209d94e90984ce) Importer(815301076,1909f56bfc062723c751e8b465ee728b) [PhysX] Initialized MultithreadedTaskDispatcher with 20 workers.
[PhysX] Initialized MultithreadedTaskDispatcher with 20 workers.
[PhysX] Initialized MultithreadedTaskDispatcher with 20 workers.
 -> (artifact id: 'd2cb920708b439e4cc96b32c4800e0ac') in 0.060227 seconds
Number of updated asset objects reloaded before import = 0
Number of asset objects unloaded after import = 12
========================================================================
Received Import Request.
  Time since last request: 0.000016 seconds.
  path: Assets/Abandoned_Asylum/Models/Tap.fbx
  artifactKey: Guid(4bbd1a409d9e52345857d486bfaaad4c) Importer(815301076,1909f56bfc062723c751e8b465ee728b)
Start importing Assets/Abandoned_Asylum/Models/Tap.fbx using Guid(4bbd1a409d9e52345857d486bfaaad4c) Importer(815301076,1909f56bfc062723c751e8b465ee728b) [PhysX] Initialized MultithreadedTaskDispatcher with 20 workers.
[PhysX] Initialized MultithreadedTaskDispatcher with 20 workers.
[PhysX] Initialized MultithreadedTaskDispatcher with 20 workers.
 -> (artifact id: '31096f89483ea99689117553b690883a') in 0.028751 seconds
Number of updated asset objects reloaded before import = 0
Number of asset objects unloaded after import = 11
========================================================================
Received Import Request.
  Time since last request: 0.000015 seconds.
  path: Assets/Abandoned_Asylum/Models/ProjectorCloth.fbx
  artifactKey: Guid(441fbdfac96b26c4f95a36abb73b111b) Importer(815301076,1909f56bfc062723c751e8b465ee728b)
Start importing Assets/Abandoned_Asylum/Models/ProjectorCloth.fbx using Guid(441fbdfac96b26c4f95a36abb73b111b) Importer(815301076,1909f56bfc062723c751e8b465ee728b) [PhysX] Initialized MultithreadedTaskDispatcher with 20 workers.
[PhysX] Initialized MultithreadedTaskDispatcher with 20 workers.
[PhysX] Initialized MultithreadedTaskDispatcher with 20 workers.
 -> (artifact id: '2318c86e32580130b40ccd6153e393e8') in 0.052040 seconds
Number of updated asset objects reloaded before import = 0
Number of asset objects unloaded after import = 12
========================================================================
Received Import Request.
  Time since last request: 0.000015 seconds.
  path: Assets/Abandoned_Asylum/Models/SheetRack.fbx
  artifactKey: Guid(525e42c8aa5e52e4ea137bc78720fcfc) Importer(815301076,1909f56bfc062723c751e8b465ee728b)
Start importing Assets/Abandoned_Asylum/Models/SheetRack.fbx using Guid(525e42c8aa5e52e4ea137bc78720fcfc) Importer(815301076,1909f56bfc062723c751e8b465ee728b) [PhysX] Initialized MultithreadedTaskDispatcher with 20 workers.
[PhysX] Initialized MultithreadedTaskDispatcher with 20 workers.
[PhysX] Initialized MultithreadedTaskDispatcher with 20 workers.
[PhysX] Initialized MultithreadedTaskDispatcher with 20 workers.
[PhysX] Initialized MultithreadedTaskDispatcher with 20 workers.
[PhysX] Initialized MultithreadedTaskDispatcher with 20 workers.
[PhysX] Initialized MultithreadedTaskDispatcher with 20 workers.
[PhysX] Initialized MultithreadedTaskDispatcher with 20 workers.
[PhysX] Initialized MultithreadedTaskDispatcher with 20 workers.
[PhysX] Initialized MultithreadedTaskDispatcher with 20 workers.
[PhysX] Initialized MultithreadedTaskDispatcher with 20 workers.
[PhysX] Initialized MultithreadedTaskDispatcher with 20 workers.
[PhysX] Initialized MultithreadedTaskDispatcher with 20 workers.
[PhysX] Initialized MultithreadedTaskDispatcher with 20 workers.
[PhysX] Initialized MultithreadedTaskDispatcher with 20 workers.
[PhysX] Initialized MultithreadedTaskDispatcher with 20 workers.
[PhysX] Initialized MultithreadedTaskDispatcher with 20 workers.
[PhysX] Initialized MultithreadedTaskDispatcher with 20 workers.
[PhysX] Initialized MultithreadedTaskDispatcher with 20 workers.
[PhysX] Initialized MultithreadedTaskDispatcher with 20 workers.
[PhysX] Initialized MultithreadedTaskDispatcher with 20 workers.
[PhysX] Initialized MultithreadedTaskDispatcher with 20 workers.
[PhysX] Initialized MultithreadedTaskDispatcher with 20 workers.
[PhysX] Initialized MultithreadedTaskDispatcher with 20 workers.
[PhysX] Initialized MultithreadedTaskDispatcher with 20 workers.
[PhysX] Initialized MultithreadedTaskDispatcher with 20 workers.
[PhysX] Initialized MultithreadedTaskDispatcher with 20 workers.
[PhysX] Initialized MultithreadedTaskDispatcher with 20 workers.
 -> (artifact id: 'dfc7bf93caff0049570c40bd6c1199d2') in 0.151542 seconds
Number of updated asset objects reloaded before import = 0
Number of asset objects unloaded after import = 90
========================================================================
Received Import Request.
  Time since last request: 0.000020 seconds.
  path: Assets/Abandoned_Asylum/Models/Statue.fbx
  artifactKey: Guid(625199046ab33c044ba0fd5772bb7ffe) Importer(815301076,1909f56bfc062723c751e8b465ee728b)
Start importing Assets/Abandoned_Asylum/Models/Statue.fbx using Guid(625199046ab33c044ba0fd5772bb7ffe) Importer(815301076,1909f56bfc062723c751e8b465ee728b) [PhysX] Initialized MultithreadedTaskDispatcher with 20 workers.
[PhysX] Initialized MultithreadedTaskDispatcher with 20 workers.
[PhysX] Initialized MultithreadedTaskDispatcher with 20 workers.
 -> (artifact id: '44886d0293bb652944e0774737810753') in 0.052631 seconds
Number of updated asset objects reloaded before import = 0
Number of asset objects unloaded after import = 12
========================================================================
Received Import Request.
  Time since last request: 0.265201 seconds.
  path: Assets/Abandoned_Asylum/Models/Window_DayRoom.fbx
  artifactKey: Guid(ed20d9817f1c154459d5001260cf5125) Importer(815301076,1909f56bfc062723c751e8b465ee728b)
Start importing Assets/Abandoned_Asylum/Models/Window_DayRoom.fbx using Guid(ed20d9817f1c154459d5001260cf5125) Importer(815301076,1909f56bfc062723c751e8b465ee728b) [PhysX] Initialized MultithreadedTaskDispatcher with 20 workers.
[PhysX] Initialized MultithreadedTaskDispatcher with 20 workers.
[PhysX] Initialized MultithreadedTaskDispatcher with 20 workers.
 -> (artifact id: '7166d8770e2a63f959644e4089e5f1b6') in 0.061796 seconds
Number of updated asset objects reloaded before import = 0
Number of asset objects unloaded after import = 12
========================================================================
Received Import Request.
  Time since last request: 7.472657 seconds.
  path: Assets/Abandoned_Asylum/Materials/Mattress.mat
  artifactKey: Guid(37655629fbc9b5245bce7670802bbcf3) Importer(815301076,1909f56bfc062723c751e8b465ee728b)
Start importing Assets/Abandoned_Asylum/Materials/Mattress.mat using Guid(37655629fbc9b5245bce7670802bbcf3) Importer(815301076,1909f56bfc062723c751e8b465ee728b) [PhysX] Initialized MultithreadedTaskDispatcher with 20 workers.
[PhysX] Initialized MultithreadedTaskDispatcher with 20 workers.
 -> (artifact id: '339f5b5fe3a6bc5679dfe95925105156') in 0.108498 seconds
Number of updated asset objects reloaded before import = 0
Number of asset objects unloaded after import = 4
========================================================================
Received Import Request.
  Time since last request: 0.000016 seconds.
  path: Assets/Abandoned_Asylum/Materials/SofaChair.mat
  artifactKey: Guid(57bd458f474990f4f8af7a33ddae73f0) Importer(815301076,1909f56bfc062723c751e8b465ee728b)
Start importing Assets/Abandoned_Asylum/Materials/SofaChair.mat using Guid(57bd458f474990f4f8af7a33ddae73f0) Importer(815301076,1909f56bfc062723c751e8b465ee728b) [PhysX] Initialized MultithreadedTaskDispatcher with 20 workers.
[PhysX] Initialized MultithreadedTaskDispatcher with 20 workers.
 -> (artifact id: '6f29b6319f31cee7e808ab1cd5e38aca') in 0.090935 seconds
Number of updated asset objects reloaded before import = 0
Number of asset objects unloaded after import = 4
========================================================================
Received Import Request.
  Time since last request: 0.000029 seconds.
  path: Assets/Abandoned_Asylum/Materials/Pillar_Marble.mat
  artifactKey: Guid(c7b79565016fc76449bb1f305d433f74) Importer(815301076,1909f56bfc062723c751e8b465ee728b)
Start importing Assets/Abandoned_Asylum/Materials/Pillar_Marble.mat using Guid(c7b79565016fc76449bb1f305d433f74) Importer(815301076,1909f56bfc062723c751e8b465ee728b) [PhysX] Initialized MultithreadedTaskDispatcher with 20 workers.
[PhysX] Initialized MultithreadedTaskDispatcher with 20 workers.
 -> (artifact id: '457eb3d9662c712f630cc517df46b554') in 0.055484 seconds
Number of updated asset objects reloaded before import = 0
Number of asset objects unloaded after import = 4
========================================================================
Received Import Request.
  Time since last request: 0.000014 seconds.
  path: Assets/Abandoned_Asylum/Materials/Sofa_Pattern.mat
  artifactKey: Guid(7d6ce60e2d61c66419876706777a2e39) Importer(815301076,1909f56bfc062723c751e8b465ee728b)
Start importing Assets/Abandoned_Asylum/Materials/Sofa_Pattern.mat using Guid(7d6ce60e2d61c66419876706777a2e39) Importer(815301076,1909f56bfc062723c751e8b465ee728b) [PhysX] Initialized MultithreadedTaskDispatcher with 20 workers.
[PhysX] Initialized MultithreadedTaskDispatcher with 20 workers.
 -> (artifact id: 'c659ac018a72f11f2de608a5be3f4540') in 0.047875 seconds
Number of updated asset objects reloaded before import = 0
Number of asset objects unloaded after import = 4
========================================================================
Received Import Request.
  Time since last request: 0.000014 seconds.
  path: Assets/Abandoned_Asylum/Materials/Tap.mat
  artifactKey: Guid(87eb3f9a9566a43499caf39e5c5e9319) Importer(815301076,1909f56bfc062723c751e8b465ee728b)
Start importing Assets/Abandoned_Asylum/Materials/Tap.mat using Guid(87eb3f9a9566a43499caf39e5c5e9319) Importer(815301076,1909f56bfc062723c751e8b465ee728b) [PhysX] Initialized MultithreadedTaskDispatcher with 20 workers.
[PhysX] Initialized MultithreadedTaskDispatcher with 20 workers.
 -> (artifact id: '8cecf31eb7f8f8078d0d6f4650f3dec2') in 0.021164 seconds
Number of updated asset objects reloaded before import = 0
Number of asset objects unloaded after import = 4
========================================================================
Received Import Request.
  Time since last request: 0.000017 seconds.
  path: Assets/Abandoned_Asylum/Materials/SurgeryBed_Matres.mat
  artifactKey: Guid(98086c3d87a429a4daa9e85b3ca9c1d6) Importer(815301076,1909f56bfc062723c751e8b465ee728b)
Start importing Assets/Abandoned_Asylum/Materials/SurgeryBed_Matres.mat using Guid(98086c3d87a429a4daa9e85b3ca9c1d6) Importer(815301076,1909f56bfc062723c751e8b465ee728b) [PhysX] Initialized MultithreadedTaskDispatcher with 20 workers.
[PhysX] Initialized MultithreadedTaskDispatcher with 20 workers.
 -> (artifact id: 'd10960ebbf83f4c82dcabda2a65531eb') in 0.024629 seconds
Number of updated asset objects reloaded before import = 0
Number of asset objects unloaded after import = 4
========================================================================
Received Import Request.
  Time since last request: 0.000016 seconds.
  path: Assets/Abandoned_Asylum/Materials/MorgueWheelBed.mat
  artifactKey: Guid(37b5646fcaa9e5c4f91a19de643d186a) Importer(815301076,1909f56bfc062723c751e8b465ee728b)
Start importing Assets/Abandoned_Asylum/Materials/MorgueWheelBed.mat using Guid(37b5646fcaa9e5c4f91a19de643d186a) Importer(815301076,1909f56bfc062723c751e8b465ee728b) [PhysX] Initialized MultithreadedTaskDispatcher with 20 workers.
[PhysX] Initialized MultithreadedTaskDispatcher with 20 workers.
 -> (artifact id: '5785223e697c2845ece0dccc510bd55a') in 0.042977 seconds
Number of updated asset objects reloaded before import = 0
Number of asset objects unloaded after import = 4
========================================================================
Received Import Request.
  Time since last request: 0.000016 seconds.
  path: Assets/Abandoned_Asylum/Materials/NeonLamp.mat
  artifactKey: Guid(55dfe556366caf84485587037abbf92b) Importer(815301076,1909f56bfc062723c751e8b465ee728b)
Start importing Assets/Abandoned_Asylum/Materials/NeonLamp.mat using Guid(55dfe556366caf84485587037abbf92b) Importer(815301076,1909f56bfc062723c751e8b465ee728b) [PhysX] Initialized MultithreadedTaskDispatcher with 20 workers.
[PhysX] Initialized MultithreadedTaskDispatcher with 20 workers.
 -> (artifact id: '33a15b923443f20f87d47ebedd36b6de') in 0.048856 seconds
Number of updated asset objects reloaded before import = 0
Number of asset objects unloaded after import = 5
========================================================================
Received Import Request.
  Time since last request: 0.000017 seconds.
  path: Assets/Abandoned_Asylum/Materials/Sofa_Base.mat
  artifactKey: Guid(29b9ccf21a7a1864bb4beb7b3f175cca) Importer(815301076,1909f56bfc062723c751e8b465ee728b)
Start importing Assets/Abandoned_Asylum/Materials/Sofa_Base.mat using Guid(29b9ccf21a7a1864bb4beb7b3f175cca) Importer(815301076,1909f56bfc062723c751e8b465ee728b) [PhysX] Initialized MultithreadedTaskDispatcher with 20 workers.
[PhysX] Initialized MultithreadedTaskDispatcher with 20 workers.
 -> (artifact id: '2e337d2c643e9ec47d2bf59db52cc39b') in 0.032794 seconds
Number of updated asset objects reloaded before import = 0
Number of asset objects unloaded after import = 4
========================================================================
Received Import Request.
  Time since last request: 0.000055 seconds.
  path: Assets/Abandoned_Asylum/Materials/SurgeryWheelBad.mat
  artifactKey: Guid(e65a7b77d1cdbca4eaaa8a318dcc775a) Importer(815301076,1909f56bfc062723c751e8b465ee728b)
Start importing Assets/Abandoned_Asylum/Materials/SurgeryWheelBad.mat using Guid(e65a7b77d1cdbca4eaaa8a318dcc775a) Importer(815301076,1909f56bfc062723c751e8b465ee728b) [PhysX] Initialized MultithreadedTaskDispatcher with 20 workers.
[PhysX] Initialized MultithreadedTaskDispatcher with 20 workers.
 -> (artifact id: '437040f1bbfd5ac28478764480d3b634') in 0.046088 seconds
Number of updated asset objects reloaded before import = 0
Number of asset objects unloaded after import = 4
========================================================================
Received Import Request.
  Time since last request: 0.000017 seconds.
  path: Assets/Abandoned_Asylum/Materials/MirrorShelf_Case.mat
  artifactKey: Guid(588cb4a57261ce34f917202eafadc8bc) Importer(815301076,1909f56bfc062723c751e8b465ee728b)
Start importing Assets/Abandoned_Asylum/Materials/MirrorShelf_Case.mat using Guid(588cb4a57261ce34f917202eafadc8bc) Importer(815301076,1909f56bfc062723c751e8b465ee728b) [PhysX] Initialized MultithreadedTaskDispatcher with 20 workers.
[PhysX] Initialized MultithreadedTaskDispatcher with 20 workers.
 -> (artifact id: '34ef2d130cd43b1730de00d7e9f2b547') in 0.024685 seconds
Number of updated asset objects reloaded before import = 0
Number of asset objects unloaded after import = 4
========================================================================
Received Import Request.
  Time since last request: 0.000016 seconds.
  path: Assets/Abandoned_Asylum/Materials/SurgeryBed_Construction.mat
  artifactKey: Guid(18c5e1fb93330164c8a48a070625995d) Importer(815301076,1909f56bfc062723c751e8b465ee728b)
Start importing Assets/Abandoned_Asylum/Materials/SurgeryBed_Construction.mat using Guid(18c5e1fb93330164c8a48a070625995d) Importer(815301076,1909f56bfc062723c751e8b465ee728b) [PhysX] Initialized MultithreadedTaskDispatcher with 20 workers.
[PhysX] Initialized MultithreadedTaskDispatcher with 20 workers.
 -> (artifact id: '330720047dd31dab9621227b72ce98e5') in 0.041621 seconds
Number of updated asset objects reloaded before import = 0
Number of asset objects unloaded after import = 4
========================================================================
Received Import Request.
  Time since last request: 0.000023 seconds.
  path: Assets/Abandoned_Asylum/Materials/Pillow.mat
  artifactKey: Guid(cddfff23802328548af6379891a1a411) Importer(815301076,1909f56bfc062723c751e8b465ee728b)
Start importing Assets/Abandoned_Asylum/Materials/Pillow.mat using Guid(cddfff23802328548af6379891a1a411) Importer(815301076,1909f56bfc062723c751e8b465ee728b) [PhysX] Initialized MultithreadedTaskDispatcher with 20 workers.
[PhysX] Initialized MultithreadedTaskDispatcher with 20 workers.
 -> (artifact id: '110123ed6896808472dbe523287bae62') in 0.028935 seconds
Number of updated asset objects reloaded before import = 0
Number of asset objects unloaded after import = 4
========================================================================
Received Import Request.
  Time since last request: 0.000016 seconds.
  path: Assets/Abandoned_Asylum/Materials/Sofa_Pillows.mat
  artifactKey: Guid(831900cefe2027247aba9f9b0b34b24e) Importer(815301076,1909f56bfc062723c751e8b465ee728b)
Start importing Assets/Abandoned_Asylum/Materials/Sofa_Pillows.mat using Guid(831900cefe2027247aba9f9b0b34b24e) Importer(815301076,1909f56bfc062723c751e8b465ee728b) [PhysX] Initialized MultithreadedTaskDispatcher with 20 workers.
[PhysX] Initialized MultithreadedTaskDispatcher with 20 workers.
 -> (artifact id: '790f2d4c9730a2b54066b55fa5a2c589') in 0.035046 seconds
Number of updated asset objects reloaded before import = 0
Number of asset objects unloaded after import = 4
========================================================================
Received Import Request.
  Time since last request: 22.165916 seconds.
  path: Assets/Abandoned_Asylum/Show/Lightmap-0_comp_light.exr
  artifactKey: Guid(c4bda1658b8994e4d8a7696ef888a392) Importer(815301076,1909f56bfc062723c751e8b465ee728b)
Start importing Assets/Abandoned_Asylum/Show/Lightmap-0_comp_light.exr using Guid(c4bda1658b8994e4d8a7696ef888a392) Importer(815301076,1909f56bfc062723c751e8b465ee728b) [PhysX] Initialized MultithreadedTaskDispatcher with 20 workers.
[PhysX] Initialized MultithreadedTaskDispatcher with 20 workers.
 -> (artifact id: 'b3dddb6ab894208438ee1b7c0af8c65c') in 0.022761 seconds
Number of updated asset objects reloaded before import = 0
Number of asset objects unloaded after import = 2
========================================================================
Received Import Request.
  Time since last request: 0.000166 seconds.
  path: Assets/Abandoned_Asylum/Show/Lightmap-4_comp_dir.png
  artifactKey: Guid(1e842ea5b60da9e4d9e475de61ad436f) Importer(815301076,1909f56bfc062723c751e8b465ee728b)
Start importing Assets/Abandoned_Asylum/Show/Lightmap-4_comp_dir.png using Guid(1e842ea5b60da9e4d9e475de61ad436f) Importer(815301076,1909f56bfc062723c751e8b465ee728b) [PhysX] Initialized MultithreadedTaskDispatcher with 20 workers.
[PhysX] Initialized MultithreadedTaskDispatcher with 20 workers.
 -> (artifact id: '78a850556335619c065b11f5921d83d6') in 0.032976 seconds
Number of updated asset objects reloaded before import = 0
Number of asset objects unloaded after import = 2
========================================================================
Received Import Request.
  Time since last request: 0.000280 seconds.
  path: Assets/Abandoned_Asylum/Show/Lightmap-4_comp_light.exr
  artifactKey: Guid(99af1fdec147bc94eae3a1bd7873c95c) Importer(815301076,1909f56bfc062723c751e8b465ee728b)
Start importing Assets/Abandoned_Asylum/Show/Lightmap-4_comp_light.exr using Guid(99af1fdec147bc94eae3a1bd7873c95c) Importer(815301076,1909f56bfc062723c751e8b465ee728b) [PhysX] Initialized MultithreadedTaskDispatcher with 20 workers.
[PhysX] Initialized MultithreadedTaskDispatcher with 20 workers.
 -> (artifact id: '6abcf165abbeef8e771e2bf62add2fd0') in 0.030055 seconds
Number of updated asset objects reloaded before import = 0
Number of asset objects unloaded after import = 2
========================================================================
Received Import Request.
  Time since last request: 0.000036 seconds.
  path: Assets/Abandoned_Asylum/Show/Lightmap-2_comp_light.exr
  artifactKey: Guid(149c3c6cebef4754bb8464a232b3923a) Importer(815301076,1909f56bfc062723c751e8b465ee728b)
Start importing Assets/Abandoned_Asylum/Show/Lightmap-2_comp_light.exr using Guid(149c3c6cebef4754bb8464a232b3923a) Importer(815301076,1909f56bfc062723c751e8b465ee728b) [PhysX] Initialized MultithreadedTaskDispatcher with 20 workers.
[PhysX] Initialized MultithreadedTaskDispatcher with 20 workers.
 -> (artifact id: '862895fd64de6617910b696f1afb3879') in 0.027304 seconds
Number of updated asset objects reloaded before import = 0
Number of asset objects unloaded after import = 2
========================================================================
Received Import Request.
  Time since last request: 0.000031 seconds.
  path: Assets/Abandoned_Asylum/Show/Lightmap-8_comp_dir.png
  artifactKey: Guid(af349bc975ae3dc4d9148d6bae3a2219) Importer(815301076,1909f56bfc062723c751e8b465ee728b)
Start importing Assets/Abandoned_Asylum/Show/Lightmap-8_comp_dir.png using Guid(af349bc975ae3dc4d9148d6bae3a2219) Importer(815301076,1909f56bfc062723c751e8b465ee728b) [PhysX] Initialized MultithreadedTaskDispatcher with 20 workers.
[PhysX] Initialized MultithreadedTaskDispatcher with 20 workers.
 -> (artifact id: '724445dd475f45a8b52b65340904ce3d') in 0.022653 seconds
Number of updated asset objects reloaded before import = 0
Number of asset objects unloaded after import = 2
========================================================================
Received Import Request.
  Time since last request: 0.000130 seconds.
  path: Assets/Abandoned_Asylum/Show/Lightmap-13_comp_dir.png
  artifactKey: Guid(10c5d26df93717d4ab671d80c6a72da2) Importer(815301076,1909f56bfc062723c751e8b465ee728b)
Start importing Assets/Abandoned_Asylum/Show/Lightmap-13_comp_dir.png using Guid(10c5d26df93717d4ab671d80c6a72da2) Importer(815301076,1909f56bfc062723c751e8b465ee728b) [PhysX] Initialized MultithreadedTaskDispatcher with 20 workers.
[PhysX] Initialized MultithreadedTaskDispatcher with 20 workers.
 -> (artifact id: 'c1d4667cb48b95abaf9b820af2a9a27e') in 0.020246 seconds
Number of updated asset objects reloaded before import = 0
Number of asset objects unloaded after import = 2
========================================================================
Received Import Request.
  Time since last request: 0.000027 seconds.
  path: Assets/Abandoned_Asylum/Show/Lightmap-15_comp_dir.png
  artifactKey: Guid(65fba9697d762a1418151d785da72b72) Importer(815301076,1909f56bfc062723c751e8b465ee728b)
Start importing Assets/Abandoned_Asylum/Show/Lightmap-15_comp_dir.png using Guid(65fba9697d762a1418151d785da72b72) Importer(815301076,1909f56bfc062723c751e8b465ee728b) [PhysX] Initialized MultithreadedTaskDispatcher with 20 workers.
[PhysX] Initialized MultithreadedTaskDispatcher with 20 workers.
 -> (artifact id: '545745300945f78872e63473178aebeb') in 0.029868 seconds
Number of updated asset objects reloaded before import = 0
Number of asset objects unloaded after import = 2
========================================================================
Received Import Request.
  Time since last request: 0.000170 seconds.
  path: Assets/Abandoned_Asylum/Show/Lightmap-16_comp_light.exr
  artifactKey: Guid(cb7f178f28529874db527bedac355fad) Importer(815301076,1909f56bfc062723c751e8b465ee728b)
Start importing Assets/Abandoned_Asylum/Show/Lightmap-16_comp_light.exr using Guid(cb7f178f28529874db527bedac355fad) Importer(815301076,1909f56bfc062723c751e8b465ee728b) [PhysX] Initialized MultithreadedTaskDispatcher with 20 workers.
[PhysX] Initialized MultithreadedTaskDispatcher with 20 workers.
 -> (artifact id: '7581b7eb3199af03da29de12c10fd4cd') in 0.028152 seconds
Number of updated asset objects reloaded before import = 0
Number of asset objects unloaded after import = 2
========================================================================
Received Import Request.
  Time since last request: 0.019137 seconds.
  path: Assets/Abandoned_Asylum/Show/Lightmap-19_comp_dir.png
  artifactKey: Guid(3b59a63e3d9724e4e83b3a136fe2d85e) Importer(815301076,1909f56bfc062723c751e8b465ee728b)
Start importing Assets/Abandoned_Asylum/Show/Lightmap-19_comp_dir.png using Guid(3b59a63e3d9724e4e83b3a136fe2d85e) Importer(815301076,1909f56bfc062723c751e8b465ee728b) [PhysX] Initialized MultithreadedTaskDispatcher with 20 workers.
[PhysX] Initialized MultithreadedTaskDispatcher with 20 workers.
 -> (artifact id: '0ca90326b3e90af161567ce08cebda8d') in 0.040988 seconds
Number of updated asset objects reloaded before import = 0
Number of asset objects unloaded after import = 2
========================================================================
Received Import Request.
  Time since last request: 0.002123 seconds.
  path: Assets/Abandoned_Asylum/Show/Lightmap-21_comp_dir.png
  artifactKey: Guid(9b7ad778b3540d24f887965b8fec3806) Importer(815301076,1909f56bfc062723c751e8b465ee728b)
Start importing Assets/Abandoned_Asylum/Show/Lightmap-21_comp_dir.png using Guid(9b7ad778b3540d24f887965b8fec3806) Importer(815301076,1909f56bfc062723c751e8b465ee728b) [PhysX] Initialized MultithreadedTaskDispatcher with 20 workers.
[PhysX] Initialized MultithreadedTaskDispatcher with 20 workers.
 -> (artifact id: 'acf7ca3eb61205aa22d61fc33d769418') in 0.035586 seconds
Number of updated asset objects reloaded before import = 0
Number of asset objects unloaded after import = 2
========================================================================
Received Import Request.
  Time since last request: 0.011317 seconds.
  path: Assets/Abandoned_Asylum/Show/Lightmap-23_comp_light.exr
  artifactKey: Guid(ad9bc5bc7401b4c4caa1d0c63953c09e) Importer(815301076,1909f56bfc062723c751e8b465ee728b)
Start importing Assets/Abandoned_Asylum/Show/Lightmap-23_comp_light.exr using Guid(ad9bc5bc7401b4c4caa1d0c63953c09e) Importer(815301076,1909f56bfc062723c751e8b465ee728b) [PhysX] Initialized MultithreadedTaskDispatcher with 20 workers.
[PhysX] Initialized MultithreadedTaskDispatcher with 20 workers.
 -> (artifact id: '7838b829ffb169964eb3cabd5102a6d8') in 0.014891 seconds
Number of updated asset objects reloaded before import = 0
Number of asset objects unloaded after import = 2
========================================================================
Received Import Request.
  Time since last request: 0.008392 seconds.
  path: Assets/Abandoned_Asylum/Show/Lightmap-25_comp_light.exr
  artifactKey: Guid(e0661d1db9bb58b41845e4b4502e8e41) Importer(815301076,1909f56bfc062723c751e8b465ee728b)
Start importing Assets/Abandoned_Asylum/Show/Lightmap-25_comp_light.exr using Guid(e0661d1db9bb58b41845e4b4502e8e41) Importer(815301076,1909f56bfc062723c751e8b465ee728b) [PhysX] Initialized MultithreadedTaskDispatcher with 20 workers.
[PhysX] Initialized MultithreadedTaskDispatcher with 20 workers.
 -> (artifact id: '16abd199f7234c7f8ca2064d6fdc7eaa') in 0.012251 seconds
Number of updated asset objects reloaded before import = 0
Number of asset objects unloaded after import = 2
========================================================================
Received Import Request.
  Time since last request: 0.008885 seconds.
  path: Assets/Abandoned_Asylum/Show/Lightmap-27_comp_light.exr
  artifactKey: Guid(1d4d3fc767612804c84381e037958920) Importer(815301076,1909f56bfc062723c751e8b465ee728b)
Start importing Assets/Abandoned_Asylum/Show/Lightmap-27_comp_light.exr using Guid(1d4d3fc767612804c84381e037958920) Importer(815301076,1909f56bfc062723c751e8b465ee728b) [PhysX] Initialized MultithreadedTaskDispatcher with 20 workers.
[PhysX] Initialized MultithreadedTaskDispatcher with 20 workers.
 -> (artifact id: '7b66bb5de6e29070862634e0ff42b4a6') in 0.010520 seconds
Number of updated asset objects reloaded before import = 0
Number of asset objects unloaded after import = 2
========================================================================
Received Import Request.
  Time since last request: 0.000627 seconds.
  path: Assets/Abandoned_Asylum/Show/Lightmap-28_comp_light.exr
  artifactKey: Guid(e2f7730ab1c80eb4583e72737417effd) Importer(815301076,1909f56bfc062723c751e8b465ee728b)
Start importing Assets/Abandoned_Asylum/Show/Lightmap-28_comp_light.exr using Guid(e2f7730ab1c80eb4583e72737417effd) Importer(815301076,1909f56bfc062723c751e8b465ee728b) [PhysX] Initialized MultithreadedTaskDispatcher with 20 workers.
[PhysX] Initialized MultithreadedTaskDispatcher with 20 workers.
 -> (artifact id: 'bad6f46e70f163b76d40f10daad4d217') in 0.018486 seconds
Number of updated asset objects reloaded before import = 0
Number of asset objects unloaded after import = 2
========================================================================
Received Import Request.
  Time since last request: 0.000023 seconds.
  path: Assets/Abandoned_Asylum/Show/ReflectionProbe-1.exr
  artifactKey: Guid(06cf664a8a65f124db7fa98000130355) Importer(815301076,1909f56bfc062723c751e8b465ee728b)
Start importing Assets/Abandoned_Asylum/Show/ReflectionProbe-1.exr using Guid(06cf664a8a65f124db7fa98000130355) Importer(815301076,1909f56bfc062723c751e8b465ee728b) [PhysX] Initialized MultithreadedTaskDispatcher with 20 workers.
[PhysX] Initialized MultithreadedTaskDispatcher with 20 workers.
[PhysX] Initialized MultithreadedTaskDispatcher with 20 workers.
 -> (artifact id: 'c0a7b828b6279790ac376a92999c35a7') in 0.019634 seconds
Number of updated asset objects reloaded before import = 0
Number of asset objects unloaded after import = 1
========================================================================
Received Prepare
Caller must complete domain reload
Begin MonoManager ReloadAssembly
- Loaded All Assemblies, in  0.389 seconds
Native extension for WindowsStandalone target not found
Native extension for WebGL target not found
[Package Manager] Server::EnsureServerProcessIsRunning -- launch failed, reason: Unity was launched with the -noUpm command-line argument
[Package Manager] UpmClient::Send -- Unable to send message (not connected to UPM process).
[Package Manager] Cannot connect to Unity Package Manager local server
Mono: successfully reloaded assembly
- Finished resetting the current domain, in  0.835 seconds
Domain Reload Profiling: 1222ms
	BeginReloadAssembly (126ms)
		ExecutionOrderSort (0ms)
		DisableScriptedObjects (3ms)
		BackupInstance (0ms)
		ReleaseScriptingObjects (0ms)
		CreateAndSetChildDomain (30ms)
	RebuildCommonClasses (23ms)
	RebuildNativeTypeToScriptingClass (11ms)
	initialDomainReloadingComplete (24ms)
	LoadAllAssembliesAndSetupDomain (203ms)
		LoadAssemblies (256ms)
		RebuildTransferFunctionScriptingTraits (0ms)
		AnalyzeDomain (12ms)
			TypeCache.Refresh (4ms)
				TypeCache.ScanAssembly (0ms)
			ScanForSourceGeneratedMonoScriptInfo (0ms)
			ResolveRequiredComponents (6ms)
	FinalizeReload (835ms)
		ReleaseScriptCaches (0ms)
		RebuildScriptCaches (0ms)
		SetupLoadedEditorAssemblies (482ms)
			LogAssemblyErrors (0ms)
			InitializePlatformSupportModulesInManaged (6ms)
			SetLoadedEditorAssemblies (3ms)
			RefreshPlugins (0ms)
			BeforeProcessingInitializeOnLoad (45ms)
			ProcessInitializeOnLoadAttributes (406ms)
			ProcessInitializeOnLoadMethodAttributes (16ms)
			AfterProcessingInitializeOnLoad (6ms)
			EditorAssembliesLoaded (0ms)
		ExecutionOrderSort2 (0ms)
		AwakeInstancesAfterBackupRestoration (5ms)
Refreshing native plugins compatible for Editor in 5.15 ms, found 3 plugins.
Preloading 0 native plugins for Editor in 0.00 ms.
Unloading 3084 Unused Serialized files (Serialized files now loaded: 0)
Unloading 13 unused Assets / (27.7 KB). Loaded Objects now: 3615.
Memory consumption went from 123.6 MB to 123.5 MB.
Total: 3.965600 ms (FindLiveObjects: 0.435500 ms CreateObjectMapping: 0.124300 ms MarkObjects: 3.360300 ms  DeleteObjects: 0.043500 ms)

Prepare: number of updated asset objects reloaded= 0
AssetImportParameters requested are different than current active one (requested -> active):
  custom:container-demuxer-ogg: 62fdf1f143b41e24485cea50d1cbac27 -> 
  custom:video-codec-MediaFoundation-h265: 746d11721c4dcdbdad8f713fa42b33f4 -> 
  custom:video-decoder-ogg-theora: a1e56fd34408186e4bbccfd4996cb3dc -> 
  custom:framework-win-MediaFoundation: 216162199b28c13a410421893ffa2e32 -> 
  custom:CustomObjectIndexerAttribute: 9a22284fe3817be447336de3de66b15e -> 
  custom:container-demuxer-webm: 4f35f7cbe854078d1ac9338744f61a02 -> 
  custom:container-muxer-webm: aa71ff27fc2769a1b78a27578f13a17b -> 
  custom:video-decoder-webm-vp8: 9c59270c3fd7afecdb556c50c9e8de78 -> 
  custom:SearchIndexIgnoredProperties: e643bd26f0fe6173181afceb89e7c659 -> 
  custom:AudioImporter_EditorPlatform: d09bf68614088b80899f8185d706f6e7 -> 
  custom:video-encoder-webm-vp8: eb34c28f22e8b96e1ab97ce403110664 -> 
  custom:audio-decoder-ogg-vorbis: bf7c407c2cedff20999df2af8eb42d56 -> 
  custom:audio-encoder-webm-vorbis: bf7c407c2cedff20999df2af8eb42d56 -> 
========================================================================
Received Prepare
Caller must complete domain reload
Begin MonoManager ReloadAssembly
- Loaded All Assemblies, in  0.332 seconds
Native extension for WindowsStandalone target not found
Native extension for WebGL target not found
[Package Manager] Server::EnsureServerProcessIsRunning -- launch failed, reason: Unity was launched with the -noUpm command-line argument
[Package Manager] UpmClient::Send -- Unable to send message (not connected to UPM process).
[Package Manager] Cannot connect to Unity Package Manager local server
Mono: successfully reloaded assembly
- Finished resetting the current domain, in  0.813 seconds
Domain Reload Profiling: 1142ms
	BeginReloadAssembly (115ms)
		ExecutionOrderSort (0ms)
		DisableScriptedObjects (3ms)
		BackupInstance (0ms)
		ReleaseScriptingObjects (0ms)
		CreateAndSetChildDomain (22ms)
	RebuildCommonClasses (22ms)
	RebuildNativeTypeToScriptingClass (7ms)
	initialDomainReloadingComplete (24ms)
	LoadAllAssembliesAndSetupDomain (160ms)
		LoadAssemblies (215ms)
		RebuildTransferFunctionScriptingTraits (0ms)
		AnalyzeDomain (10ms)
			TypeCache.Refresh (5ms)
				TypeCache.ScanAssembly (0ms)
			ScanForSourceGeneratedMonoScriptInfo (0ms)
			ResolveRequiredComponents (4ms)
	FinalizeReload (813ms)
		ReleaseScriptCaches (0ms)
		RebuildScriptCaches (0ms)
		SetupLoadedEditorAssemblies (478ms)
			LogAssemblyErrors (0ms)
			InitializePlatformSupportModulesInManaged (6ms)
			SetLoadedEditorAssemblies (4ms)
			RefreshPlugins (0ms)
			BeforeProcessingInitializeOnLoad (46ms)
			ProcessInitializeOnLoadAttributes (402ms)
			ProcessInitializeOnLoadMethodAttributes (15ms)
			AfterProcessingInitializeOnLoad (5ms)
			EditorAssembliesLoaded (0ms)
		ExecutionOrderSort2 (0ms)
		AwakeInstancesAfterBackupRestoration (5ms)
Refreshing native plugins compatible for Editor in 4.88 ms, found 3 plugins.
Preloading 0 native plugins for Editor in 0.00 ms.
Unloading 3084 Unused Serialized files (Serialized files now loaded: 0)
Unloading 13 unused Assets / (27.6 KB). Loaded Objects now: 3618.
Memory consumption went from 123.6 MB to 123.6 MB.
Total: 2.675900 ms (FindLiveObjects: 0.172300 ms CreateObjectMapping: 0.071800 ms MarkObjects: 2.395600 ms  DeleteObjects: 0.034800 ms)

Prepare: number of updated asset objects reloaded= 0
AssetImportParameters requested are different than current active one (requested -> active):
  custom:container-demuxer-ogg: 62fdf1f143b41e24485cea50d1cbac27 -> 
  custom:video-codec-MediaFoundation-h265: 746d11721c4dcdbdad8f713fa42b33f4 -> 
  custom:video-decoder-ogg-theora: a1e56fd34408186e4bbccfd4996cb3dc -> 
  custom:framework-win-MediaFoundation: 216162199b28c13a410421893ffa2e32 -> 
  custom:CustomObjectIndexerAttribute: 9a22284fe3817be447336de3de66b15e -> 
  custom:container-demuxer-webm: 4f35f7cbe854078d1ac9338744f61a02 -> 
  custom:container-muxer-webm: aa71ff27fc2769a1b78a27578f13a17b -> 
  custom:video-decoder-webm-vp8: 9c59270c3fd7afecdb556c50c9e8de78 -> 
  custom:SearchIndexIgnoredProperties: e643bd26f0fe6173181afceb89e7c659 -> 
  custom:AudioImporter_EditorPlatform: d09bf68614088b80899f8185d706f6e7 -> 
  custom:video-encoder-webm-vp8: eb34c28f22e8b96e1ab97ce403110664 -> 
  custom:audio-decoder-ogg-vorbis: bf7c407c2cedff20999df2af8eb42d56 -> 
  custom:audio-encoder-webm-vorbis: bf7c407c2cedff20999df2af8eb42d56 -> 
Editor requested this worker to shutdown with reason: Scaling down because of idle timeout
TcpMessagingSession - receive error: operation aborted. errorcode: 995, details: The I/O operation has been aborted because of either a thread exit or an application request.
AssetImportWorker is now disconnected from the server
Process exiting
Exiting without the bug reporter. Application will terminate with return code 0